11-Jun-2013 10:08:12 org.apache.catalina.startup.Catalina initDirs
SEVERE: Cannot find specified temporary folder at /home/david/planA/example-context/temp
11-Jun-2013 10:08:12 org.apache.catalina.startup.SetAllPropertiesRule begin
WARNING: [SetAllPropertiesRule]{Server/Service/Connector} Setting property 'maxSpareThreads' to '75' did not find a matching property.
11-Jun-2013 10:08:12 org.apache.tomcat.util.digester.SetPropertiesRule begin
WARNING: [SetPropertiesRule]{Server/Service/Engine/Host} Setting property 'xmlValidation' to 'false' did not find a matching property.
11-Jun-2013 10:08:12 org.apache.tomcat.util.digester.SetPropertiesRule begin
WARNING: [SetPropertiesRule]{Server/Service/Engine/Host} Setting property 'xmlNamespaceAware' to 'false' did not find a matching property.
11-Jun-2013 10:08:12 org.apache.coyote.AbstractProtocol init
INFO: Initializing ProtocolHandler ["http-bio-59999"]
11-Jun-2013 10:08:12 org.apache.catalina.startup.Catalina load
INFO: Initialization processed in 451 ms
11-Jun-2013 10:08:12 org.apache.catalina.core.StandardService startInternal
INFO: Starting service Catalina
11-Jun-2013 10:08:12 org.apache.catalina.core.StandardEngine startInternal
INFO: Starting Servlet Engine: Apache Tomcat/7.0.40
11-Jun-2013 10:08:13 org.apache.catalina.startup.HostConfig deployDirectory
INFO: Deploying web application directory /home/david/planA/example-context/webapps/ROOT
11-Jun-2013 10:08:13 org.apache.coyote.AbstractProtocol start
INFO: Starting ProtocolHandler ["http-bio-59999"]
11-Jun-2013 10:08:13 org.apache.catalina.startup.Catalina start
INFO: Server startup in 360 ms
11-Jun-2013 10:09:03 org.apache.catalina.startup.HostConfig deleteRedeployResources
INFO: Undeploying context []
