11-Jun-2013 10:08:13 org.apache.catalina.core.StandardContext listenerStart
FINE: Sending application start events
11-Jun-2013 10:08:13 org.apache.catalina.core.StandardContext filterStart
FINE: Starting filters
11-Jun-2013 10:09:03 org.apache.catalina.core.StandardContext filterStop
FINE: Stopping filters
11-Jun-2013 10:20:51 org.apache.catalina.core.StandardContext listenerStart
FINE: Sending application start events
11-Jun-2013 10:20:51 org.apache.catalina.core.StandardContext filterStart
FINE: Starting filters
11-Jun-2013 10:23:33 org.apache.catalina.core.StandardContext filterStop
FINE: Stopping filters
11-Jun-2013 10:23:34 org.apache.catalina.core.StandardContext listenerStart
FINE: Sending application start events
11-Jun-2013 10:23:34 org.apache.catalina.core.StandardContext filterStart
FINE: Starting filters
11-Jun-2013 10:23:44 org.apache.catalina.core.StandardContext filterStop
FINE: Stopping filters
11-Jun-2013 10:43:22 org.apache.catalina.core.StandardContext listenerStart
FINE: Sending application start events
11-Jun-2013 10:43:22 org.apache.catalina.core.StandardContext filterStart
FINE: Starting filters
11-Jun-2013 16:12:07 org.apache.catalina.core.StandardWrapperValve invoke
SEVERE: Servlet.service() for servlet [jsp] in context with path [] threw exception [/index.jsp (line: 19, column: 23) Unterminated &lt;% tag] with root cause
org.apache.jasper.JasperException: /index.jsp (line: 19, column: 23) Unterminated &lt;% tag
	at org.apache.jasper.compiler.DefaultErrorHandler.jspError(DefaultErrorHandler.java:42)
	at org.apache.jasper.compiler.ErrorDispatcher.dispatch(ErrorDispatcher.java:443)
	at org.apache.jasper.compiler.ErrorDispatcher.jspError(ErrorDispatcher.java:133)
	at org.apache.jasper.compiler.Parser.parseScriptlet(Parser.java:771)
	at org.apache.jasper.compiler.Parser.parseElements(Parser.java:1439)
	at org.apache.jasper.compiler.Parser.parse(Parser.java:138)
	at org.apache.jasper.compiler.ParserController.doParse(ParserController.java:242)
	at org.apache.jasper.compiler.ParserController.parse(ParserController.java:102)
	at org.apache.jasper.compiler.Compiler.generateJava(Compiler.java:198)
	at org.apache.jasper.compiler.Compiler.compile(Compiler.java:373)
	at org.apache.jasper.compiler.Compiler.compile(Compiler.java:353)
	at org.apache.jasper.compiler.Compiler.compile(Compiler.java:340)
	at org.apache.jasper.JspCompilationContext.compile(JspCompilationContext.java:646)
	at org.apache.jasper.servlet.JspServletWrapper.service(JspServletWrapper.java:357)
	at org.apache.jasper.servlet.JspServlet.serviceJspFile(JspServlet.java:390)
	at org.apache.jasper.servlet.JspServlet.service(JspServlet.java:334)
	at javax.servlet.http.HttpServlet.service(HttpServlet.java:728)
	at org.apache.catalina.core.ApplicationFilterChain.internalDoFilter(ApplicationFilterChain.java:305)
	at org.apache.catalina.core.ApplicationFilterChain.doFilter(ApplicationFilterChain.java:210)
	at org.apache.catalina.core.StandardWrapperValve.invoke(StandardWrapperValve.java:222)
	at org.apache.catalina.core.StandardContextValve.invoke(StandardContextValve.java:123)
	at org.apache.catalina.authenticator.AuthenticatorBase.invoke(AuthenticatorBase.java:472)
	at org.apache.catalina.core.StandardHostValve.invoke(StandardHostValve.java:171)
	at org.apache.catalina.valves.ErrorReportValve.invoke(ErrorReportValve.java:99)
	at org.apache.catalina.valves.AccessLogValve.invoke(AccessLogValve.java:953)
	at org.apache.catalina.core.StandardEngineValve.invoke(StandardEngineValve.java:118)
	at org.apache.catalina.connector.CoyoteAdapter.service(CoyoteAdapter.java:408)
	at org.apache.coyote.http11.AbstractHttp11Processor.process(AbstractHttp11Processor.java:1008)
	at org.apache.coyote.AbstractProtocol$AbstractConnectionHandler.process(AbstractProtocol.java:589)
	at org.apache.tomcat.util.net.JIoEndpoint$SocketProcessor.run(JIoEndpoint.java:310)
	at java.util.concurrent.ThreadPoolExecutor.runWorker(ThreadPoolExecutor.java:1146)
	at java.util.concurrent.ThreadPoolExecutor$Worker.run(ThreadPoolExecutor.java:615)
	at java.lang.Thread.run(Thread.java:679)
11-Jun-2013 16:12:28 org.apache.catalina.core.StandardContext listenerStart
FINE: Sending application start events
11-Jun-2013 16:12:28 org.apache.catalina.core.StandardContext filterStart
FINE: Starting filters
11-Jun-2013 16:12:28 org.apache.catalina.core.StandardContext filterStop
FINE: Stopping filters
11-Jun-2013 16:14:00 org.apache.catalina.core.StandardContext filterStop
FINE: Stopping filters
11-Jun-2013 16:14:01 org.apache.catalina.core.StandardContext listenerStart
FINE: Sending application start events
11-Jun-2013 16:14:01 org.apache.catalina.core.StandardContext filterStart
FINE: Starting filters
11-Jun-2013 16:21:51 org.apache.catalina.core.StandardContext filterStop
FINE: Stopping filters
11-Jun-2013 17:32:26 org.apache.catalina.core.StandardContext listenerStart
FINE: Sending application start events
11-Jun-2013 17:32:26 org.apache.catalina.core.StandardContext filterStart
FINE: Starting filters
11-Jun-2013 17:45:36 org.apache.catalina.core.StandardContext listenerStart
FINE: Sending application start events
11-Jun-2013 17:45:36 org.apache.catalina.core.StandardContext filterStart
FINE: Starting filters
11-Jun-2013 17:45:36 org.apache.catalina.core.StandardContext filterStop
FINE: Stopping filters
11-Jun-2013 17:46:05 org.apache.catalina.core.StandardContext filterStop
FINE: Stopping filters
11-Jun-2013 17:48:40 org.apache.catalina.core.StandardContext listenerStart
FINE: Sending application start events
11-Jun-2013 17:48:40 org.apache.catalina.core.StandardContext filterStart
FINE: Starting filters
11-Jun-2013 18:11:28 org.apache.catalina.core.StandardContext filterStop
FINE: Stopping filters
11-Jun-2013 18:11:31 org.apache.catalina.core.StandardContext listenerStart
FINE: Sending application start events
11-Jun-2013 18:11:31 org.apache.catalina.core.StandardContext filterStart
FINE: Starting filters
