31-May-2013 17:24:56 org.apache.catalina.startup.SetAllPropertiesRule begin
WARNING: [SetAllPropertiesRule]{Server/Service/Connector} Setting property 'maxSpareThreads' to '75' did not find a matching property.
31-May-2013 17:24:56 org.apache.tomcat.util.digester.SetPropertiesRule begin
WARNING: [SetPropertiesRule]{Server/Service/Engine/Host} Setting property 'xmlValidation' to 'false' did not find a matching property.
31-May-2013 17:24:56 org.apache.tomcat.util.digester.SetPropertiesRule begin
WARNING: [SetPropertiesRule]{Server/Service/Engine/Host} Setting property 'xmlNamespaceAware' to 'false' did not find a matching property.
31-May-2013 17:24:56 org.apache.coyote.AbstractProtocol init
INFO: Initializing ProtocolHandler ["http-bio-59999"]
31-May-2013 17:24:56 org.apache.catalina.startup.Catalina load
INFO: Initialization processed in 444 ms
31-May-2013 17:24:56 org.apache.catalina.core.StandardService startInternal
INFO: Starting service Catalina
31-May-2013 17:24:56 org.apache.catalina.core.StandardEngine startInternal
INFO: Starting Servlet Engine: Apache Tomcat/7.0.29
31-May-2013 17:24:56 org.apache.catalina.startup.HostConfig deployDirectory
INFO: Deploying web application directory /homes/dz1611/example-context/webapps/ROOT
31-May-2013 17:24:57 org.apache.coyote.AbstractProtocol start
INFO: Starting ProtocolHandler ["http-bio-59999"]
31-May-2013 17:24:57 org.apache.catalina.startup.Catalina start
INFO: Server startup in 847 ms
