09-Jun-2013 08:32:46 org.apache.catalina.startup.Catalina initDirs
SEVERE: Cannot find specified temporary folder at /home/david/planA/example-context/temp
09-Jun-2013 08:32:46 org.apache.catalina.startup.SetAllPropertiesRule begin
WARNING: [SetAllPropertiesRule]{Server/Service/Connector} Setting property 'maxSpareThreads' to '75' did not find a matching property.
09-Jun-2013 08:32:46 org.apache.tomcat.util.digester.SetPropertiesRule begin
WARNING: [SetPropertiesRule]{Server/Service/Engine/Host} Setting property 'xmlValidation' to 'false' did not find a matching property.
09-Jun-2013 08:32:46 org.apache.tomcat.util.digester.SetPropertiesRule begin
WARNING: [SetPropertiesRule]{Server/Service/Engine/Host} Setting property 'xmlNamespaceAware' to 'false' did not find a matching property.
09-Jun-2013 08:32:46 org.apache.coyote.AbstractProtocol init
INFO: Initializing ProtocolHandler ["http-bio-59999"]
09-Jun-2013 08:32:46 org.apache.catalina.startup.Catalina load
INFO: Initialization processed in 477 ms
09-Jun-2013 08:32:46 org.apache.catalina.core.StandardService startInternal
INFO: Starting service Catalina
09-Jun-2013 08:32:46 org.apache.catalina.core.StandardEngine startInternal
INFO: Starting Servlet Engine: Apache Tomcat/7.0.40
09-Jun-2013 08:32:46 org.apache.catalina.startup.HostConfig deployDirectory
INFO: Deploying web application directory /home/david/planA/example-context/webapps/ROOT
09-Jun-2013 08:32:47 org.apache.coyote.AbstractProtocol start
INFO: Starting ProtocolHandler ["http-bio-59999"]
09-Jun-2013 08:32:47 org.apache.catalina.startup.Catalina start
INFO: Server startup in 404 ms
09-Jun-2013 08:32:47 org.apache.catalina.core.StandardServer await
SEVERE: StandardServer.await: create[localhost:8005]: 
java.net.BindException: Address already in use
	at java.net.PlainSocketImpl.socketBind(Native Method)
	at java.net.AbstractPlainSocketImpl.bind(AbstractPlainSocketImpl.java:353)
	at java.net.ServerSocket.bind(ServerSocket.java:336)
	at java.net.ServerSocket.<init>(ServerSocket.java:202)
	at org.apache.catalina.core.StandardServer.await(StandardServer.java:427)
	at org.apache.catalina.startup.Catalina.await(Catalina.java:766)
	at org.apache.catalina.startup.Catalina.start(Catalina.java:712)
	at sun.reflect.NativeMethodAccessorImpl.invoke0(Native Method)
	at sun.reflect.NativeMethodAccessorImpl.invoke(NativeMethodAccessorImpl.java:57)
	at sun.reflect.DelegatingMethodAccessorImpl.invoke(DelegatingMethodAccessorImpl.java:43)
	at java.lang.reflect.Method.invoke(Method.java:616)
	at org.apache.catalina.startup.Bootstrap.start(Bootstrap.java:322)
	at org.apache.catalina.startup.Bootstrap.main(Bootstrap.java:456)
09-Jun-2013 08:32:47 org.apache.coyote.AbstractProtocol pause
INFO: Pausing ProtocolHandler ["http-bio-59999"]
09-Jun-2013 08:32:47 org.apache.catalina.core.StandardService stopInternal
INFO: Stopping service Catalina
09-Jun-2013 08:32:47 org.apache.coyote.AbstractProtocol stop
INFO: Stopping ProtocolHandler ["http-bio-59999"]
09-Jun-2013 08:32:47 org.apache.coyote.AbstractProtocol destroy
INFO: Destroying ProtocolHandler ["http-bio-59999"]
09-Jun-2013 08:32:47 org.apache.catalina.deploy.NamingResources destroyInternal
WARNING: Failed to destroy MBean for naming resource [UserDatabase]
javax.management.InstanceNotFoundException: Users:type=UserDatabase,database=UserDatabase
	at com.sun.jmx.interceptor.DefaultMBeanServerInterceptor.getMBean(DefaultMBeanServerInterceptor.java:1118)
	at com.sun.jmx.interceptor.DefaultMBeanServerInterceptor.exclusiveUnregisterMBean(DefaultMBeanServerInterceptor.java:433)
	at com.sun.jmx.interceptor.DefaultMBeanServerInterceptor.unregisterMBean(DefaultMBeanServerInterceptor.java:421)
	at com.sun.jmx.mbeanserver.JmxMBeanServer.unregisterMBean(JmxMBeanServer.java:541)
	at org.apache.catalina.mbeans.MBeanUtils.destroyMBeanUserDatabase(MBeanUtils.java:1621)
	at org.apache.catalina.mbeans.MBeanUtils.destroyMBean(MBeanUtils.java:1207)
	at org.apache.catalina.deploy.NamingResources.destroyInternal(NamingResources.java:1084)
	at org.apache.catalina.util.LifecycleBase.destroy(LifecycleBase.java:305)
	at org.apache.catalina.core.StandardServer.destroyInternal(StandardServer.java:825)
	at org.apache.catalina.util.LifecycleBase.destroy(LifecycleBase.java:305)
	at org.apache.catalina.startup.Catalina.stop(Catalina.java:752)
	at org.apache.catalina.startup.Catalina.start(Catalina.java:713)
	at sun.reflect.NativeMethodAccessorImpl.invoke0(Native Method)
	at sun.reflect.NativeMethodAccessorImpl.invoke(NativeMethodAccessorImpl.java:57)
	at sun.reflect.DelegatingMethodAccessorImpl.invoke(DelegatingMethodAccessorImpl.java:43)
	at java.lang.reflect.Method.invoke(Method.java:616)
	at org.apache.catalina.startup.Bootstrap.start(Bootstrap.java:322)
	at org.apache.catalina.startup.Bootstrap.main(Bootstrap.java:456)
09-Jun-2013 08:33:53 org.apache.catalina.startup.Catalina initDirs
SEVERE: Cannot find specified temporary folder at /home/david/planA/example-context/temp
09-Jun-2013 08:33:53 org.apache.catalina.startup.SetAllPropertiesRule begin
WARNING: [SetAllPropertiesRule]{Server/Service/Connector} Setting property 'maxSpareThreads' to '75' did not find a matching property.
09-Jun-2013 08:33:53 org.apache.tomcat.util.digester.SetPropertiesRule begin
WARNING: [SetPropertiesRule]{Server/Service/Engine/Host} Setting property 'xmlValidation' to 'false' did not find a matching property.
09-Jun-2013 08:33:53 org.apache.tomcat.util.digester.SetPropertiesRule begin
WARNING: [SetPropertiesRule]{Server/Service/Engine/Host} Setting property 'xmlNamespaceAware' to 'false' did not find a matching property.
09-Jun-2013 08:33:53 org.apache.coyote.AbstractProtocol init
INFO: Initializing ProtocolHandler ["http-bio-59999"]
09-Jun-2013 08:33:54 org.apache.catalina.startup.Catalina load
INFO: Initialization processed in 455 ms
09-Jun-2013 08:33:54 org.apache.catalina.core.StandardService startInternal
INFO: Starting service Catalina
09-Jun-2013 08:33:54 org.apache.catalina.core.StandardEngine startInternal
INFO: Starting Servlet Engine: Apache Tomcat/7.0.40
09-Jun-2013 08:33:54 org.apache.catalina.startup.HostConfig deployDirectory
INFO: Deploying web application directory /home/david/planA/example-context/webapps/ROOT
09-Jun-2013 08:33:54 org.apache.coyote.AbstractProtocol start
INFO: Starting ProtocolHandler ["http-bio-59999"]
09-Jun-2013 08:33:54 org.apache.catalina.startup.Catalina start
INFO: Server startup in 339 ms
09-Jun-2013 08:33:54 org.apache.catalina.core.StandardServer await
SEVERE: StandardServer.await: create[localhost:8005]: 
java.net.BindException: Address already in use
	at java.net.PlainSocketImpl.socketBind(Native Method)
	at java.net.AbstractPlainSocketImpl.bind(AbstractPlainSocketImpl.java:353)
	at java.net.ServerSocket.bind(ServerSocket.java:336)
	at java.net.ServerSocket.<init>(ServerSocket.java:202)
	at org.apache.catalina.core.StandardServer.await(StandardServer.java:427)
	at org.apache.catalina.startup.Catalina.await(Catalina.java:766)
	at org.apache.catalina.startup.Catalina.start(Catalina.java:712)
	at sun.reflect.NativeMethodAccessorImpl.invoke0(Native Method)
	at sun.reflect.NativeMethodAccessorImpl.invoke(NativeMethodAccessorImpl.java:57)
	at sun.reflect.DelegatingMethodAccessorImpl.invoke(DelegatingMethodAccessorImpl.java:43)
	at java.lang.reflect.Method.invoke(Method.java:616)
	at org.apache.catalina.startup.Bootstrap.start(Bootstrap.java:322)
	at org.apache.catalina.startup.Bootstrap.main(Bootstrap.java:456)
09-Jun-2013 08:33:54 org.apache.coyote.AbstractProtocol pause
INFO: Pausing ProtocolHandler ["http-bio-59999"]
09-Jun-2013 08:33:54 org.apache.catalina.core.StandardService stopInternal
INFO: Stopping service Catalina
09-Jun-2013 08:33:54 org.apache.coyote.AbstractProtocol stop
INFO: Stopping ProtocolHandler ["http-bio-59999"]
09-Jun-2013 08:33:54 org.apache.coyote.AbstractProtocol destroy
INFO: Destroying ProtocolHandler ["http-bio-59999"]
09-Jun-2013 08:33:54 org.apache.catalina.deploy.NamingResources destroyInternal
WARNING: Failed to destroy MBean for naming resource [UserDatabase]
javax.management.InstanceNotFoundException: Users:type=UserDatabase,database=UserDatabase
	at com.sun.jmx.interceptor.DefaultMBeanServerInterceptor.getMBean(DefaultMBeanServerInterceptor.java:1118)
	at com.sun.jmx.interceptor.DefaultMBeanServerInterceptor.exclusiveUnregisterMBean(DefaultMBeanServerInterceptor.java:433)
	at com.sun.jmx.interceptor.DefaultMBeanServerInterceptor.unregisterMBean(DefaultMBeanServerInterceptor.java:421)
	at com.sun.jmx.mbeanserver.JmxMBeanServer.unregisterMBean(JmxMBeanServer.java:541)
	at org.apache.catalina.mbeans.MBeanUtils.destroyMBeanUserDatabase(MBeanUtils.java:1621)
	at org.apache.catalina.mbeans.MBeanUtils.destroyMBean(MBeanUtils.java:1207)
	at org.apache.catalina.deploy.NamingResources.destroyInternal(NamingResources.java:1084)
	at org.apache.catalina.util.LifecycleBase.destroy(LifecycleBase.java:305)
	at org.apache.catalina.core.StandardServer.destroyInternal(StandardServer.java:825)
	at org.apache.catalina.util.LifecycleBase.destroy(LifecycleBase.java:305)
	at org.apache.catalina.startup.Catalina.stop(Catalina.java:752)
	at org.apache.catalina.startup.Catalina.start(Catalina.java:713)
	at sun.reflect.NativeMethodAccessorImpl.invoke0(Native Method)
	at sun.reflect.NativeMethodAccessorImpl.invoke(NativeMethodAccessorImpl.java:57)
	at sun.reflect.DelegatingMethodAccessorImpl.invoke(DelegatingMethodAccessorImpl.java:43)
	at java.lang.reflect.Method.invoke(Method.java:616)
	at org.apache.catalina.startup.Bootstrap.start(Bootstrap.java:322)
	at org.apache.catalina.startup.Bootstrap.main(Bootstrap.java:456)
09-Jun-2013 08:34:23 org.apache.catalina.startup.Catalina initDirs
SEVERE: Cannot find specified temporary folder at /home/david/planA/example-context/temp
09-Jun-2013 08:34:23 org.apache.catalina.startup.SetAllPropertiesRule begin
WARNING: [SetAllPropertiesRule]{Server/Service/Connector} Setting property 'maxSpareThreads' to '75' did not find a matching property.
09-Jun-2013 08:34:23 org.apache.tomcat.util.digester.SetPropertiesRule begin
WARNING: [SetPropertiesRule]{Server/Service/Engine/Host} Setting property 'xmlValidation' to 'false' did not find a matching property.
09-Jun-2013 08:34:23 org.apache.tomcat.util.digester.SetPropertiesRule begin
WARNING: [SetPropertiesRule]{Server/Service/Engine/Host} Setting property 'xmlNamespaceAware' to 'false' did not find a matching property.
09-Jun-2013 08:34:24 org.apache.coyote.AbstractProtocol init
INFO: Initializing ProtocolHandler ["http-bio-59999"]
09-Jun-2013 08:34:24 org.apache.catalina.startup.Catalina load
INFO: Initialization processed in 446 ms
09-Jun-2013 08:34:24 org.apache.catalina.core.StandardService startInternal
INFO: Starting service Catalina
09-Jun-2013 08:34:24 org.apache.catalina.core.StandardEngine startInternal
INFO: Starting Servlet Engine: Apache Tomcat/7.0.40
09-Jun-2013 08:34:24 org.apache.catalina.startup.HostConfig deployDirectory
INFO: Deploying web application directory /home/david/planA/example-context/webapps/ROOT
09-Jun-2013 08:34:24 org.apache.coyote.AbstractProtocol start
INFO: Starting ProtocolHandler ["http-bio-59999"]
09-Jun-2013 08:34:24 org.apache.catalina.startup.Catalina start
INFO: Server startup in 315 ms
09-Jun-2013 08:34:24 org.apache.catalina.core.StandardServer await
SEVERE: StandardServer.await: create[localhost:8005]: 
java.net.BindException: Address already in use
	at java.net.PlainSocketImpl.socketBind(Native Method)
	at java.net.AbstractPlainSocketImpl.bind(AbstractPlainSocketImpl.java:353)
	at java.net.ServerSocket.bind(ServerSocket.java:336)
	at java.net.ServerSocket.<init>(ServerSocket.java:202)
	at org.apache.catalina.core.StandardServer.await(StandardServer.java:427)
	at org.apache.catalina.startup.Catalina.await(Catalina.java:766)
	at org.apache.catalina.startup.Catalina.start(Catalina.java:712)
	at sun.reflect.NativeMethodAccessorImpl.invoke0(Native Method)
	at sun.reflect.NativeMethodAccessorImpl.invoke(NativeMethodAccessorImpl.java:57)
	at sun.reflect.DelegatingMethodAccessorImpl.invoke(DelegatingMethodAccessorImpl.java:43)
	at java.lang.reflect.Method.invoke(Method.java:616)
	at org.apache.catalina.startup.Bootstrap.start(Bootstrap.java:322)
	at org.apache.catalina.startup.Bootstrap.main(Bootstrap.java:456)
09-Jun-2013 08:34:24 org.apache.coyote.AbstractProtocol pause
INFO: Pausing ProtocolHandler ["http-bio-59999"]
09-Jun-2013 08:34:24 org.apache.catalina.core.StandardService stopInternal
INFO: Stopping service Catalina
09-Jun-2013 08:34:24 org.apache.coyote.AbstractProtocol stop
INFO: Stopping ProtocolHandler ["http-bio-59999"]
09-Jun-2013 08:34:24 org.apache.coyote.AbstractProtocol destroy
INFO: Destroying ProtocolHandler ["http-bio-59999"]
09-Jun-2013 08:34:24 org.apache.catalina.deploy.NamingResources destroyInternal
WARNING: Failed to destroy MBean for naming resource [UserDatabase]
javax.management.InstanceNotFoundException: Users:type=UserDatabase,database=UserDatabase
	at com.sun.jmx.interceptor.DefaultMBeanServerInterceptor.getMBean(DefaultMBeanServerInterceptor.java:1118)
	at com.sun.jmx.interceptor.DefaultMBeanServerInterceptor.exclusiveUnregisterMBean(DefaultMBeanServerInterceptor.java:433)
	at com.sun.jmx.interceptor.DefaultMBeanServerInterceptor.unregisterMBean(DefaultMBeanServerInterceptor.java:421)
	at com.sun.jmx.mbeanserver.JmxMBeanServer.unregisterMBean(JmxMBeanServer.java:541)
	at org.apache.catalina.mbeans.MBeanUtils.destroyMBeanUserDatabase(MBeanUtils.java:1621)
	at org.apache.catalina.mbeans.MBeanUtils.destroyMBean(MBeanUtils.java:1207)
	at org.apache.catalina.deploy.NamingResources.destroyInternal(NamingResources.java:1084)
	at org.apache.catalina.util.LifecycleBase.destroy(LifecycleBase.java:305)
	at org.apache.catalina.core.StandardServer.destroyInternal(StandardServer.java:825)
	at org.apache.catalina.util.LifecycleBase.destroy(LifecycleBase.java:305)
	at org.apache.catalina.startup.Catalina.stop(Catalina.java:752)
	at org.apache.catalina.startup.Catalina.start(Catalina.java:713)
	at sun.reflect.NativeMethodAccessorImpl.invoke0(Native Method)
	at sun.reflect.NativeMethodAccessorImpl.invoke(NativeMethodAccessorImpl.java:57)
	at sun.reflect.DelegatingMethodAccessorImpl.invoke(DelegatingMethodAccessorImpl.java:43)
	at java.lang.reflect.Method.invoke(Method.java:616)
	at org.apache.catalina.startup.Bootstrap.start(Bootstrap.java:322)
	at org.apache.catalina.startup.Bootstrap.main(Bootstrap.java:456)
09-Jun-2013 08:34:41 org.apache.catalina.startup.Catalina initDirs
SEVERE: Cannot find specified temporary folder at /home/david/planA/example-context/temp
09-Jun-2013 08:34:41 org.apache.catalina.startup.SetAllPropertiesRule begin
WARNING: [SetAllPropertiesRule]{Server/Service/Connector} Setting property 'maxSpareThreads' to '75' did not find a matching property.
09-Jun-2013 08:34:41 org.apache.tomcat.util.digester.SetPropertiesRule begin
WARNING: [SetPropertiesRule]{Server/Service/Engine/Host} Setting property 'xmlValidation' to 'false' did not find a matching property.
09-Jun-2013 08:34:41 org.apache.tomcat.util.digester.SetPropertiesRule begin
WARNING: [SetPropertiesRule]{Server/Service/Engine/Host} Setting property 'xmlNamespaceAware' to 'false' did not find a matching property.
09-Jun-2013 08:34:42 org.apache.coyote.AbstractProtocol init
INFO: Initializing ProtocolHandler ["http-bio-59999"]
09-Jun-2013 08:34:42 org.apache.catalina.startup.Catalina load
INFO: Initialization processed in 412 ms
09-Jun-2013 08:34:42 org.apache.catalina.core.StandardService startInternal
INFO: Starting service Catalina
09-Jun-2013 08:34:42 org.apache.catalina.core.StandardEngine startInternal
INFO: Starting Servlet Engine: Apache Tomcat/7.0.40
09-Jun-2013 08:34:42 org.apache.catalina.startup.HostConfig deployDirectory
INFO: Deploying web application directory /home/david/planA/example-context/webapps/ROOT
09-Jun-2013 08:34:42 org.apache.coyote.AbstractProtocol start
INFO: Starting ProtocolHandler ["http-bio-59999"]
09-Jun-2013 08:34:42 org.apache.catalina.startup.Catalina start
INFO: Server startup in 277 ms
09-Jun-2013 08:34:42 org.apache.catalina.core.StandardServer await
SEVERE: StandardServer.await: create[localhost:8005]: 
java.net.BindException: Address already in use
	at java.net.PlainSocketImpl.socketBind(Native Method)
	at java.net.AbstractPlainSocketImpl.bind(AbstractPlainSocketImpl.java:353)
	at java.net.ServerSocket.bind(ServerSocket.java:336)
	at java.net.ServerSocket.<init>(ServerSocket.java:202)
	at org.apache.catalina.core.StandardServer.await(StandardServer.java:427)
	at org.apache.catalina.startup.Catalina.await(Catalina.java:766)
	at org.apache.catalina.startup.Catalina.start(Catalina.java:712)
	at sun.reflect.NativeMethodAccessorImpl.invoke0(Native Method)
	at sun.reflect.NativeMethodAccessorImpl.invoke(NativeMethodAccessorImpl.java:57)
	at sun.reflect.DelegatingMethodAccessorImpl.invoke(DelegatingMethodAccessorImpl.java:43)
	at java.lang.reflect.Method.invoke(Method.java:616)
	at org.apache.catalina.startup.Bootstrap.start(Bootstrap.java:322)
	at org.apache.catalina.startup.Bootstrap.main(Bootstrap.java:456)
09-Jun-2013 08:34:42 org.apache.coyote.AbstractProtocol pause
INFO: Pausing ProtocolHandler ["http-bio-59999"]
09-Jun-2013 08:34:42 org.apache.catalina.core.StandardService stopInternal
INFO: Stopping service Catalina
09-Jun-2013 08:34:42 org.apache.coyote.AbstractProtocol stop
INFO: Stopping ProtocolHandler ["http-bio-59999"]
09-Jun-2013 08:34:42 org.apache.coyote.AbstractProtocol destroy
INFO: Destroying ProtocolHandler ["http-bio-59999"]
09-Jun-2013 08:34:42 org.apache.catalina.deploy.NamingResources destroyInternal
WARNING: Failed to destroy MBean for naming resource [UserDatabase]
javax.management.InstanceNotFoundException: Users:type=UserDatabase,database=UserDatabase
	at com.sun.jmx.interceptor.DefaultMBeanServerInterceptor.getMBean(DefaultMBeanServerInterceptor.java:1118)
	at com.sun.jmx.interceptor.DefaultMBeanServerInterceptor.exclusiveUnregisterMBean(DefaultMBeanServerInterceptor.java:433)
	at com.sun.jmx.interceptor.DefaultMBeanServerInterceptor.unregisterMBean(DefaultMBeanServerInterceptor.java:421)
	at com.sun.jmx.mbeanserver.JmxMBeanServer.unregisterMBean(JmxMBeanServer.java:541)
	at org.apache.catalina.mbeans.MBeanUtils.destroyMBeanUserDatabase(MBeanUtils.java:1621)
	at org.apache.catalina.mbeans.MBeanUtils.destroyMBean(MBeanUtils.java:1207)
	at org.apache.catalina.deploy.NamingResources.destroyInternal(NamingResources.java:1084)
	at org.apache.catalina.util.LifecycleBase.destroy(LifecycleBase.java:305)
	at org.apache.catalina.core.StandardServer.destroyInternal(StandardServer.java:825)
	at org.apache.catalina.util.LifecycleBase.destroy(LifecycleBase.java:305)
	at org.apache.catalina.startup.Catalina.stop(Catalina.java:752)
	at org.apache.catalina.startup.Catalina.start(Catalina.java:713)
	at sun.reflect.NativeMethodAccessorImpl.invoke0(Native Method)
	at sun.reflect.NativeMethodAccessorImpl.invoke(NativeMethodAccessorImpl.java:57)
	at sun.reflect.DelegatingMethodAccessorImpl.invoke(DelegatingMethodAccessorImpl.java:43)
	at java.lang.reflect.Method.invoke(Method.java:616)
	at org.apache.catalina.startup.Bootstrap.start(Bootstrap.java:322)
	at org.apache.catalina.startup.Bootstrap.main(Bootstrap.java:456)
09-Jun-2013 08:37:14 org.apache.catalina.startup.Catalina initDirs
SEVERE: Cannot find specified temporary folder at /home/david/planA/example-context/temp
09-Jun-2013 08:37:14 org.apache.catalina.startup.SetAllPropertiesRule begin
WARNING: [SetAllPropertiesRule]{Server/Service/Connector} Setting property 'maxSpareThreads' to '75' did not find a matching property.
09-Jun-2013 08:37:14 org.apache.tomcat.util.digester.SetPropertiesRule begin
WARNING: [SetPropertiesRule]{Server/Service/Engine/Host} Setting property 'xmlValidation' to 'false' did not find a matching property.
09-Jun-2013 08:37:14 org.apache.tomcat.util.digester.SetPropertiesRule begin
WARNING: [SetPropertiesRule]{Server/Service/Engine/Host} Setting property 'xmlNamespaceAware' to 'false' did not find a matching property.
09-Jun-2013 08:37:14 org.apache.coyote.AbstractProtocol init
INFO: Initializing ProtocolHandler ["http-bio-59999"]
09-Jun-2013 08:37:14 org.apache.catalina.startup.Catalina load
INFO: Initialization processed in 451 ms
09-Jun-2013 08:37:14 org.apache.catalina.core.StandardService startInternal
INFO: Starting service Catalina
09-Jun-2013 08:37:14 org.apache.catalina.core.StandardEngine startInternal
INFO: Starting Servlet Engine: Apache Tomcat/7.0.40
09-Jun-2013 08:37:14 org.apache.catalina.startup.HostConfig deployDirectory
INFO: Deploying web application directory /home/david/planA/example-context/webapps/ROOT
09-Jun-2013 08:37:14 org.apache.coyote.AbstractProtocol start
INFO: Starting ProtocolHandler ["http-bio-59999"]
09-Jun-2013 08:37:14 org.apache.catalina.startup.Catalina start
INFO: Server startup in 309 ms
09-Jun-2013 08:37:14 org.apache.catalina.core.StandardServer await
SEVERE: StandardServer.await: create[localhost:8005]: 
java.net.BindException: Address already in use
	at java.net.PlainSocketImpl.socketBind(Native Method)
	at java.net.AbstractPlainSocketImpl.bind(AbstractPlainSocketImpl.java:353)
	at java.net.ServerSocket.bind(ServerSocket.java:336)
	at java.net.ServerSocket.<init>(ServerSocket.java:202)
	at org.apache.catalina.core.StandardServer.await(StandardServer.java:427)
	at org.apache.catalina.startup.Catalina.await(Catalina.java:766)
	at org.apache.catalina.startup.Catalina.start(Catalina.java:712)
	at sun.reflect.NativeMethodAccessorImpl.invoke0(Native Method)
	at sun.reflect.NativeMethodAccessorImpl.invoke(NativeMethodAccessorImpl.java:57)
	at sun.reflect.DelegatingMethodAccessorImpl.invoke(DelegatingMethodAccessorImpl.java:43)
	at java.lang.reflect.Method.invoke(Method.java:616)
	at org.apache.catalina.startup.Bootstrap.start(Bootstrap.java:322)
	at org.apache.catalina.startup.Bootstrap.main(Bootstrap.java:456)
09-Jun-2013 08:37:14 org.apache.coyote.AbstractProtocol pause
INFO: Pausing ProtocolHandler ["http-bio-59999"]
09-Jun-2013 08:37:14 org.apache.catalina.core.StandardService stopInternal
INFO: Stopping service Catalina
09-Jun-2013 08:37:14 org.apache.coyote.AbstractProtocol stop
INFO: Stopping ProtocolHandler ["http-bio-59999"]
09-Jun-2013 08:37:14 org.apache.coyote.AbstractProtocol destroy
INFO: Destroying ProtocolHandler ["http-bio-59999"]
09-Jun-2013 08:37:14 org.apache.catalina.deploy.NamingResources destroyInternal
WARNING: Failed to destroy MBean for naming resource [UserDatabase]
javax.management.InstanceNotFoundException: Users:type=UserDatabase,database=UserDatabase
	at com.sun.jmx.interceptor.DefaultMBeanServerInterceptor.getMBean(DefaultMBeanServerInterceptor.java:1118)
	at com.sun.jmx.interceptor.DefaultMBeanServerInterceptor.exclusiveUnregisterMBean(DefaultMBeanServerInterceptor.java:433)
	at com.sun.jmx.interceptor.DefaultMBeanServerInterceptor.unregisterMBean(DefaultMBeanServerInterceptor.java:421)
	at com.sun.jmx.mbeanserver.JmxMBeanServer.unregisterMBean(JmxMBeanServer.java:541)
	at org.apache.catalina.mbeans.MBeanUtils.destroyMBeanUserDatabase(MBeanUtils.java:1621)
	at org.apache.catalina.mbeans.MBeanUtils.destroyMBean(MBeanUtils.java:1207)
	at org.apache.catalina.deploy.NamingResources.destroyInternal(NamingResources.java:1084)
	at org.apache.catalina.util.LifecycleBase.destroy(LifecycleBase.java:305)
	at org.apache.catalina.core.StandardServer.destroyInternal(StandardServer.java:825)
	at org.apache.catalina.util.LifecycleBase.destroy(LifecycleBase.java:305)
	at org.apache.catalina.startup.Catalina.stop(Catalina.java:752)
	at org.apache.catalina.startup.Catalina.start(Catalina.java:713)
	at sun.reflect.NativeMethodAccessorImpl.invoke0(Native Method)
	at sun.reflect.NativeMethodAccessorImpl.invoke(NativeMethodAccessorImpl.java:57)
	at sun.reflect.DelegatingMethodAccessorImpl.invoke(DelegatingMethodAccessorImpl.java:43)
	at java.lang.reflect.Method.invoke(Method.java:616)
	at org.apache.catalina.startup.Bootstrap.start(Bootstrap.java:322)
	at org.apache.catalina.startup.Bootstrap.main(Bootstrap.java:456)
09-Jun-2013 08:39:23 org.apache.catalina.startup.Catalina initDirs
SEVERE: Cannot find specified temporary folder at /home/david/planA/example-context/temp
09-Jun-2013 08:39:23 org.apache.catalina.startup.SetAllPropertiesRule begin
WARNING: [SetAllPropertiesRule]{Server/Service/Connector} Setting property 'maxSpareThreads' to '75' did not find a matching property.
09-Jun-2013 08:39:23 org.apache.tomcat.util.digester.SetPropertiesRule begin
WARNING: [SetPropertiesRule]{Server/Service/Engine/Host} Setting property 'xmlValidation' to 'false' did not find a matching property.
09-Jun-2013 08:39:23 org.apache.tomcat.util.digester.SetPropertiesRule begin
WARNING: [SetPropertiesRule]{Server/Service/Engine/Host} Setting property 'xmlNamespaceAware' to 'false' did not find a matching property.
09-Jun-2013 08:39:23 org.apache.coyote.AbstractProtocol init
INFO: Initializing ProtocolHandler ["http-bio-59999"]
09-Jun-2013 08:39:23 org.apache.catalina.startup.Catalina load
INFO: Initialization processed in 448 ms
09-Jun-2013 08:39:23 org.apache.catalina.core.StandardService startInternal
INFO: Starting service Catalina
09-Jun-2013 08:39:23 org.apache.catalina.core.StandardEngine startInternal
INFO: Starting Servlet Engine: Apache Tomcat/7.0.40
09-Jun-2013 08:39:23 org.apache.catalina.startup.HostConfig deployDirectory
INFO: Deploying web application directory /home/david/planA/example-context/webapps/ROOT
09-Jun-2013 08:39:24 org.apache.coyote.AbstractProtocol start
INFO: Starting ProtocolHandler ["http-bio-59999"]
09-Jun-2013 08:39:24 org.apache.catalina.startup.Catalina start
INFO: Server startup in 324 ms
09-Jun-2013 08:39:24 org.apache.catalina.core.StandardServer await
SEVERE: StandardServer.await: create[localhost:8005]: 
java.net.BindException: Address already in use
	at java.net.PlainSocketImpl.socketBind(Native Method)
	at java.net.AbstractPlainSocketImpl.bind(AbstractPlainSocketImpl.java:353)
	at java.net.ServerSocket.bind(ServerSocket.java:336)
	at java.net.ServerSocket.<init>(ServerSocket.java:202)
	at org.apache.catalina.core.StandardServer.await(StandardServer.java:427)
	at org.apache.catalina.startup.Catalina.await(Catalina.java:766)
	at org.apache.catalina.startup.Catalina.start(Catalina.java:712)
	at sun.reflect.NativeMethodAccessorImpl.invoke0(Native Method)
	at sun.reflect.NativeMethodAccessorImpl.invoke(NativeMethodAccessorImpl.java:57)
	at sun.reflect.DelegatingMethodAccessorImpl.invoke(DelegatingMethodAccessorImpl.java:43)
	at java.lang.reflect.Method.invoke(Method.java:616)
	at org.apache.catalina.startup.Bootstrap.start(Bootstrap.java:322)
	at org.apache.catalina.startup.Bootstrap.main(Bootstrap.java:456)
09-Jun-2013 08:39:24 org.apache.coyote.AbstractProtocol pause
INFO: Pausing ProtocolHandler ["http-bio-59999"]
09-Jun-2013 08:39:24 org.apache.catalina.core.StandardService stopInternal
INFO: Stopping service Catalina
09-Jun-2013 08:39:24 org.apache.coyote.AbstractProtocol stop
INFO: Stopping ProtocolHandler ["http-bio-59999"]
09-Jun-2013 08:39:24 org.apache.coyote.AbstractProtocol destroy
INFO: Destroying ProtocolHandler ["http-bio-59999"]
09-Jun-2013 08:39:24 org.apache.catalina.deploy.NamingResources destroyInternal
WARNING: Failed to destroy MBean for naming resource [UserDatabase]
javax.management.InstanceNotFoundException: Users:type=UserDatabase,database=UserDatabase
	at com.sun.jmx.interceptor.DefaultMBeanServerInterceptor.getMBean(DefaultMBeanServerInterceptor.java:1118)
	at com.sun.jmx.interceptor.DefaultMBeanServerInterceptor.exclusiveUnregisterMBean(DefaultMBeanServerInterceptor.java:433)
	at com.sun.jmx.interceptor.DefaultMBeanServerInterceptor.unregisterMBean(DefaultMBeanServerInterceptor.java:421)
	at com.sun.jmx.mbeanserver.JmxMBeanServer.unregisterMBean(JmxMBeanServer.java:541)
	at org.apache.catalina.mbeans.MBeanUtils.destroyMBeanUserDatabase(MBeanUtils.java:1621)
	at org.apache.catalina.mbeans.MBeanUtils.destroyMBean(MBeanUtils.java:1207)
	at org.apache.catalina.deploy.NamingResources.destroyInternal(NamingResources.java:1084)
	at org.apache.catalina.util.LifecycleBase.destroy(LifecycleBase.java:305)
	at org.apache.catalina.core.StandardServer.destroyInternal(StandardServer.java:825)
	at org.apache.catalina.util.LifecycleBase.destroy(LifecycleBase.java:305)
	at org.apache.catalina.startup.Catalina.stop(Catalina.java:752)
	at org.apache.catalina.startup.Catalina.start(Catalina.java:713)
	at sun.reflect.NativeMethodAccessorImpl.invoke0(Native Method)
	at sun.reflect.NativeMethodAccessorImpl.invoke(NativeMethodAccessorImpl.java:57)
	at sun.reflect.DelegatingMethodAccessorImpl.invoke(DelegatingMethodAccessorImpl.java:43)
	at java.lang.reflect.Method.invoke(Method.java:616)
	at org.apache.catalina.startup.Bootstrap.start(Bootstrap.java:322)
	at org.apache.catalina.startup.Bootstrap.main(Bootstrap.java:456)
09-Jun-2013 08:50:00 org.apache.catalina.startup.Catalina initDirs
SEVERE: Cannot find specified temporary folder at /home/david/planA/example-context/temp
09-Jun-2013 08:50:00 org.apache.catalina.startup.SetAllPropertiesRule begin
WARNING: [SetAllPropertiesRule]{Server/Service/Connector} Setting property 'maxSpareThreads' to '75' did not find a matching property.
09-Jun-2013 08:50:00 org.apache.tomcat.util.digester.SetPropertiesRule begin
WARNING: [SetPropertiesRule]{Server/Service/Engine/Host} Setting property 'xmlValidation' to 'false' did not find a matching property.
09-Jun-2013 08:50:00 org.apache.tomcat.util.digester.SetPropertiesRule begin
WARNING: [SetPropertiesRule]{Server/Service/Engine/Host} Setting property 'xmlNamespaceAware' to 'false' did not find a matching property.
09-Jun-2013 08:50:00 org.apache.coyote.AbstractProtocol init
INFO: Initializing ProtocolHandler ["http-bio-59999"]
09-Jun-2013 08:50:00 org.apache.catalina.startup.Catalina load
INFO: Initialization processed in 444 ms
09-Jun-2013 08:50:00 org.apache.catalina.core.StandardService startInternal
INFO: Starting service Catalina
09-Jun-2013 08:50:00 org.apache.catalina.core.StandardEngine startInternal
INFO: Starting Servlet Engine: Apache Tomcat/7.0.40
09-Jun-2013 08:50:00 org.apache.catalina.startup.HostConfig deployDirectory
INFO: Deploying web application directory /home/david/planA/example-context/webapps/ROOT
09-Jun-2013 08:50:00 org.apache.coyote.AbstractProtocol start
INFO: Starting ProtocolHandler ["http-bio-59999"]
09-Jun-2013 08:50:00 org.apache.catalina.startup.Catalina start
INFO: Server startup in 296 ms
09-Jun-2013 08:50:04 org.apache.catalina.core.StandardServer await
INFO: A valid shutdown command was received via the shutdown port. Stopping the Server instance.
09-Jun-2013 08:50:04 org.apache.coyote.AbstractProtocol pause
INFO: Pausing ProtocolHandler ["http-bio-59999"]
09-Jun-2013 08:50:04 org.apache.catalina.core.StandardService stopInternal
INFO: Stopping service Catalina
09-Jun-2013 08:50:04 org.apache.coyote.AbstractProtocol stop
INFO: Stopping ProtocolHandler ["http-bio-59999"]
09-Jun-2013 08:50:04 org.apache.coyote.AbstractProtocol destroy
INFO: Destroying ProtocolHandler ["http-bio-59999"]
09-Jun-2013 08:50:04 org.apache.catalina.deploy.NamingResources destroyInternal
WARNING: Failed to destroy MBean for naming resource [UserDatabase]
javax.management.InstanceNotFoundException: Users:type=UserDatabase,database=UserDatabase
	at com.sun.jmx.interceptor.DefaultMBeanServerInterceptor.getMBean(DefaultMBeanServerInterceptor.java:1118)
	at com.sun.jmx.interceptor.DefaultMBeanServerInterceptor.exclusiveUnregisterMBean(DefaultMBeanServerInterceptor.java:433)
	at com.sun.jmx.interceptor.DefaultMBeanServerInterceptor.unregisterMBean(DefaultMBeanServerInterceptor.java:421)
	at com.sun.jmx.mbeanserver.JmxMBeanServer.unregisterMBean(JmxMBeanServer.java:541)
	at org.apache.catalina.mbeans.MBeanUtils.destroyMBeanUserDatabase(MBeanUtils.java:1621)
	at org.apache.catalina.mbeans.MBeanUtils.destroyMBean(MBeanUtils.java:1207)
	at org.apache.catalina.deploy.NamingResources.destroyInternal(NamingResources.java:1084)
	at org.apache.catalina.util.LifecycleBase.destroy(LifecycleBase.java:305)
	at org.apache.catalina.core.StandardServer.destroyInternal(StandardServer.java:825)
	at org.apache.catalina.util.LifecycleBase.destroy(LifecycleBase.java:305)
	at org.apache.catalina.startup.Catalina.stop(Catalina.java:752)
	at org.apache.catalina.startup.Catalina.start(Catalina.java:713)
	at sun.reflect.NativeMethodAccessorImpl.invoke0(Native Method)
	at sun.reflect.NativeMethodAccessorImpl.invoke(NativeMethodAccessorImpl.java:57)
	at sun.reflect.DelegatingMethodAccessorImpl.invoke(DelegatingMethodAccessorImpl.java:43)
	at java.lang.reflect.Method.invoke(Method.java:616)
	at org.apache.catalina.startup.Bootstrap.start(Bootstrap.java:322)
	at org.apache.catalina.startup.Bootstrap.main(Bootstrap.java:456)
09-Jun-2013 09:11:58 org.apache.catalina.startup.Catalina initDirs
SEVERE: Cannot find specified temporary folder at /home/david/planA/example-context/temp
09-Jun-2013 09:11:58 org.apache.catalina.startup.SetAllPropertiesRule begin
WARNING: [SetAllPropertiesRule]{Server/Service/Connector} Setting property 'maxSpareThreads' to '75' did not find a matching property.
09-Jun-2013 09:11:58 org.apache.tomcat.util.digester.SetPropertiesRule begin
WARNING: [SetPropertiesRule]{Server/Service/Engine/Host} Setting property 'xmlValidation' to 'false' did not find a matching property.
09-Jun-2013 09:11:58 org.apache.tomcat.util.digester.SetPropertiesRule begin
WARNING: [SetPropertiesRule]{Server/Service/Engine/Host} Setting property 'xmlNamespaceAware' to 'false' did not find a matching property.
09-Jun-2013 09:11:58 org.apache.coyote.AbstractProtocol init
INFO: Initializing ProtocolHandler ["http-bio-59999"]
09-Jun-2013 09:11:58 org.apache.catalina.startup.Catalina load
INFO: Initialization processed in 459 ms
09-Jun-2013 09:11:58 org.apache.catalina.core.StandardService startInternal
INFO: Starting service Catalina
09-Jun-2013 09:11:58 org.apache.catalina.core.StandardEngine startInternal
INFO: Starting Servlet Engine: Apache Tomcat/7.0.40
09-Jun-2013 09:11:58 org.apache.catalina.startup.HostConfig deployDirectory
INFO: Deploying web application directory /home/david/planA/example-context/webapps/ROOT
09-Jun-2013 09:11:59 org.apache.coyote.AbstractProtocol start
INFO: Starting ProtocolHandler ["http-bio-59999"]
09-Jun-2013 09:11:59 org.apache.catalina.startup.Catalina start
INFO: Server startup in 305 ms
09-Jun-2013 09:23:49 org.apache.catalina.core.StandardContext reload
INFO: Reloading Context with name [] has started
09-Jun-2013 09:23:49 org.apache.catalina.core.StandardContext reload
INFO: Reloading Context with name [] is completed
09-Jun-2013 09:48:29 org.apache.catalina.loader.WebappClassLoader modified
SEVERE:     Resource '/WEB-INF/lib/beans.jar' is missing
09-Jun-2013 09:48:29 org.apache.catalina.core.StandardContext reload
INFO: Reloading Context with name [] has started
09-Jun-2013 09:48:29 org.apache.catalina.core.StandardContext reload
SEVERE: Exception starting Context with name []
org.apache.catalina.LifecycleException: Failed to start component [StandardEngine[Catalina].StandardHost[localhost].StandardContext[]]
	at org.apache.catalina.util.LifecycleBase.start(LifecycleBase.java:154)
	at org.apache.catalina.core.StandardContext.reload(StandardContext.java:3926)
	at org.apache.catalina.loader.WebappLoader.backgroundProcess(WebappLoader.java:426)
	at org.apache.catalina.core.ContainerBase.backgroundProcess(ContainerBase.java:1345)
	at org.apache.catalina.core.ContainerBase$ContainerBackgroundProcessor.processChildren(ContainerBase.java:1530)
	at org.apache.catalina.core.ContainerBase$ContainerBackgroundProcessor.processChildren(ContainerBase.java:1540)
	at org.apache.catalina.core.ContainerBase$ContainerBackgroundProcessor.processChildren(ContainerBase.java:1540)
	at org.apache.catalina.core.ContainerBase$ContainerBackgroundProcessor.run(ContainerBase.java:1519)
	at java.lang.Thread.run(Thread.java:679)
Caused by: java.lang.NoClassDefFoundError: Lbeans/User_bean;
	at java.lang.Class.getDeclaredFields0(Native Method)
	at java.lang.Class.privateGetDeclaredFields(Class.java:2318)
	at java.lang.Class.getDeclaredFields(Class.java:1762)
	at org.apache.catalina.util.Introspection.getDeclaredFields(Introspection.java:106)
	at org.apache.catalina.startup.WebAnnotationSet.loadFieldsAnnotation(WebAnnotationSet.java:261)
	at org.apache.catalina.startup.WebAnnotationSet.loadApplicationServletAnnotations(WebAnnotationSet.java:140)
	at org.apache.catalina.startup.WebAnnotationSet.loadApplicationAnnotations(WebAnnotationSet.java:67)
	at org.apache.catalina.startup.ContextConfig.applicationAnnotationsConfig(ContextConfig.java:405)
	at org.apache.catalina.startup.ContextConfig.configureStart(ContextConfig.java:881)
	at org.apache.catalina.startup.ContextConfig.lifecycleEvent(ContextConfig.java:369)
	at org.apache.catalina.util.LifecycleSupport.fireLifecycleEvent(LifecycleSupport.java:119)
	at org.apache.catalina.util.LifecycleBase.fireLifecycleEvent(LifecycleBase.java:90)
	at org.apache.catalina.core.StandardContext.startInternal(StandardContext.java:5269)
	at org.apache.catalina.util.LifecycleBase.start(LifecycleBase.java:150)
	... 8 more
Caused by: java.lang.ClassNotFoundException: beans.User_bean
	at org.apache.catalina.loader.WebappClassLoader.loadClass(WebappClassLoader.java:1714)
	at org.apache.catalina.loader.WebappClassLoader.loadClass(WebappClassLoader.java:1559)
	... 22 more
09-Jun-2013 09:48:29 org.apache.catalina.core.StandardContext reload
INFO: Reloading Context with name [] is completed
09-Jun-2013 12:20:46 org.apache.catalina.core.StandardServer await
INFO: A valid shutdown command was received via the shutdown port. Stopping the Server instance.
09-Jun-2013 12:20:46 org.apache.coyote.AbstractProtocol pause
INFO: Pausing ProtocolHandler ["http-bio-59999"]
09-Jun-2013 12:20:46 org.apache.catalina.core.StandardService stopInternal
INFO: Stopping service Catalina
09-Jun-2013 12:20:46 org.apache.coyote.AbstractProtocol stop
INFO: Stopping ProtocolHandler ["http-bio-59999"]
09-Jun-2013 12:20:46 org.apache.coyote.AbstractProtocol destroy
INFO: Destroying ProtocolHandler ["http-bio-59999"]
09-Jun-2013 12:20:46 org.apache.catalina.deploy.NamingResources destroyInternal
WARNING: Failed to destroy MBean for naming resource [UserDatabase]
javax.management.InstanceNotFoundException: Users:type=UserDatabase,database=UserDatabase
	at com.sun.jmx.interceptor.DefaultMBeanServerInterceptor.getMBean(DefaultMBeanServerInterceptor.java:1118)
	at com.sun.jmx.interceptor.DefaultMBeanServerInterceptor.exclusiveUnregisterMBean(DefaultMBeanServerInterceptor.java:433)
	at com.sun.jmx.interceptor.DefaultMBeanServerInterceptor.unregisterMBean(DefaultMBeanServerInterceptor.java:421)
	at com.sun.jmx.mbeanserver.JmxMBeanServer.unregisterMBean(JmxMBeanServer.java:541)
	at org.apache.catalina.mbeans.MBeanUtils.destroyMBeanUserDatabase(MBeanUtils.java:1621)
	at org.apache.catalina.mbeans.MBeanUtils.destroyMBean(MBeanUtils.java:1207)
	at org.apache.catalina.deploy.NamingResources.destroyInternal(NamingResources.java:1084)
	at org.apache.catalina.util.LifecycleBase.destroy(LifecycleBase.java:305)
	at org.apache.catalina.core.StandardServer.destroyInternal(StandardServer.java:825)
	at org.apache.catalina.util.LifecycleBase.destroy(LifecycleBase.java:305)
	at org.apache.catalina.startup.Catalina.stop(Catalina.java:752)
	at org.apache.catalina.startup.Catalina.start(Catalina.java:713)
	at sun.reflect.NativeMethodAccessorImpl.invoke0(Native Method)
	at sun.reflect.NativeMethodAccessorImpl.invoke(NativeMethodAccessorImpl.java:57)
	at sun.reflect.DelegatingMethodAccessorImpl.invoke(DelegatingMethodAccessorImpl.java:43)
	at java.lang.reflect.Method.invoke(Method.java:616)
	at org.apache.catalina.startup.Bootstrap.start(Bootstrap.java:322)
	at org.apache.catalina.startup.Bootstrap.main(Bootstrap.java:456)
09-Jun-2013 15:07:43 org.apache.catalina.startup.Catalina initDirs
SEVERE: Cannot find specified temporary folder at /home/david/planA/example-context/temp
09-Jun-2013 15:07:44 org.apache.catalina.startup.SetAllPropertiesRule begin
WARNING: [SetAllPropertiesRule]{Server/Service/Connector} Setting property 'maxSpareThreads' to '75' did not find a matching property.
09-Jun-2013 15:07:44 org.apache.tomcat.util.digester.SetPropertiesRule begin
WARNING: [SetPropertiesRule]{Server/Service/Engine/Host} Setting property 'xmlValidation' to 'false' did not find a matching property.
09-Jun-2013 15:07:44 org.apache.tomcat.util.digester.SetPropertiesRule begin
WARNING: [SetPropertiesRule]{Server/Service/Engine/Host} Setting property 'xmlNamespaceAware' to 'false' did not find a matching property.
09-Jun-2013 15:07:44 org.apache.coyote.AbstractProtocol init
INFO: Initializing ProtocolHandler ["http-bio-59999"]
09-Jun-2013 15:07:44 org.apache.catalina.startup.Catalina load
INFO: Initialization processed in 610 ms
09-Jun-2013 15:07:44 org.apache.catalina.core.StandardService startInternal
INFO: Starting service Catalina
09-Jun-2013 15:07:44 org.apache.catalina.core.StandardEngine startInternal
INFO: Starting Servlet Engine: Apache Tomcat/7.0.40
09-Jun-2013 15:07:44 org.apache.catalina.startup.HostConfig deployDirectory
INFO: Deploying web application directory /home/david/planA/example-context/webapps/ROOT
09-Jun-2013 15:07:45 org.apache.coyote.AbstractProtocol start
INFO: Starting ProtocolHandler ["http-bio-59999"]
09-Jun-2013 15:07:45 org.apache.catalina.startup.Catalina start
INFO: Server startup in 531 ms
09-Jun-2013 15:15:03 org.apache.catalina.core.StandardServer await
INFO: A valid shutdown command was received via the shutdown port. Stopping the Server instance.
09-Jun-2013 15:15:03 org.apache.coyote.AbstractProtocol pause
INFO: Pausing ProtocolHandler ["http-bio-59999"]
09-Jun-2013 15:15:03 org.apache.catalina.core.StandardService stopInternal
INFO: Stopping service Catalina
09-Jun-2013 15:15:03 org.apache.coyote.AbstractProtocol stop
INFO: Stopping ProtocolHandler ["http-bio-59999"]
09-Jun-2013 15:15:03 org.apache.coyote.AbstractProtocol destroy
INFO: Destroying ProtocolHandler ["http-bio-59999"]
09-Jun-2013 15:15:03 org.apache.catalina.deploy.NamingResources destroyInternal
WARNING: Failed to destroy MBean for naming resource [UserDatabase]
javax.management.InstanceNotFoundException: Users:type=UserDatabase,database=UserDatabase
	at com.sun.jmx.interceptor.DefaultMBeanServerInterceptor.getMBean(DefaultMBeanServerInterceptor.java:1118)
	at com.sun.jmx.interceptor.DefaultMBeanServerInterceptor.exclusiveUnregisterMBean(DefaultMBeanServerInterceptor.java:433)
	at com.sun.jmx.interceptor.DefaultMBeanServerInterceptor.unregisterMBean(DefaultMBeanServerInterceptor.java:421)
	at com.sun.jmx.mbeanserver.JmxMBeanServer.unregisterMBean(JmxMBeanServer.java:541)
	at org.apache.catalina.mbeans.MBeanUtils.destroyMBeanUserDatabase(MBeanUtils.java:1621)
	at org.apache.catalina.mbeans.MBeanUtils.destroyMBean(MBeanUtils.java:1207)
	at org.apache.catalina.deploy.NamingResources.destroyInternal(NamingResources.java:1084)
	at org.apache.catalina.util.LifecycleBase.destroy(LifecycleBase.java:305)
	at org.apache.catalina.core.StandardServer.destroyInternal(StandardServer.java:825)
	at org.apache.catalina.util.LifecycleBase.destroy(LifecycleBase.java:305)
	at org.apache.catalina.startup.Catalina.stop(Catalina.java:752)
	at org.apache.catalina.startup.Catalina.start(Catalina.java:713)
	at sun.reflect.NativeMethodAccessorImpl.invoke0(Native Method)
	at sun.reflect.NativeMethodAccessorImpl.invoke(NativeMethodAccessorImpl.java:57)
	at sun.reflect.DelegatingMethodAccessorImpl.invoke(DelegatingMethodAccessorImpl.java:43)
	at java.lang.reflect.Method.invoke(Method.java:616)
	at org.apache.catalina.startup.Bootstrap.start(Bootstrap.java:322)
	at org.apache.catalina.startup.Bootstrap.main(Bootstrap.java:456)
09-Jun-2013 15:15:08 org.apache.catalina.startup.Catalina initDirs
SEVERE: Cannot find specified temporary folder at /home/david/planA/example-context/temp
09-Jun-2013 15:15:08 org.apache.catalina.startup.SetAllPropertiesRule begin
WARNING: [SetAllPropertiesRule]{Server/Service/Connector} Setting property 'maxSpareThreads' to '75' did not find a matching property.
09-Jun-2013 15:15:08 org.apache.tomcat.util.digester.SetPropertiesRule begin
WARNING: [SetPropertiesRule]{Server/Service/Engine/Host} Setting property 'xmlValidation' to 'false' did not find a matching property.
09-Jun-2013 15:15:08 org.apache.tomcat.util.digester.SetPropertiesRule begin
WARNING: [SetPropertiesRule]{Server/Service/Engine/Host} Setting property 'xmlNamespaceAware' to 'false' did not find a matching property.
09-Jun-2013 15:15:08 org.apache.coyote.AbstractProtocol init
INFO: Initializing ProtocolHandler ["http-bio-59999"]
09-Jun-2013 15:15:08 org.apache.catalina.startup.Catalina load
INFO: Initialization processed in 453 ms
09-Jun-2013 15:15:08 org.apache.catalina.core.StandardService startInternal
INFO: Starting service Catalina
09-Jun-2013 15:15:08 org.apache.catalina.core.StandardEngine startInternal
INFO: Starting Servlet Engine: Apache Tomcat/7.0.40
09-Jun-2013 15:15:08 org.apache.catalina.startup.HostConfig deployDirectory
INFO: Deploying web application directory /home/david/planA/example-context/webapps/ROOT
09-Jun-2013 15:15:09 org.apache.coyote.AbstractProtocol start
INFO: Starting ProtocolHandler ["http-bio-59999"]
09-Jun-2013 15:15:09 org.apache.catalina.startup.Catalina start
INFO: Server startup in 272 ms
09-Jun-2013 15:59:39 org.apache.catalina.core.StandardContext reload
INFO: Reloading Context with name [] has started
09-Jun-2013 15:59:39 org.apache.catalina.core.StandardContext reload
INFO: Reloading Context with name [] is completed
09-Jun-2013 15:59:44 org.apache.catalina.core.StandardServer await
INFO: A valid shutdown command was received via the shutdown port. Stopping the Server instance.
09-Jun-2013 15:59:44 org.apache.coyote.AbstractProtocol pause
INFO: Pausing ProtocolHandler ["http-bio-59999"]
09-Jun-2013 15:59:44 org.apache.catalina.core.StandardService stopInternal
INFO: Stopping service Catalina
09-Jun-2013 15:59:44 org.apache.coyote.AbstractProtocol stop
INFO: Stopping ProtocolHandler ["http-bio-59999"]
09-Jun-2013 15:59:44 org.apache.coyote.AbstractProtocol destroy
INFO: Destroying ProtocolHandler ["http-bio-59999"]
09-Jun-2013 15:59:44 org.apache.catalina.deploy.NamingResources destroyInternal
WARNING: Failed to destroy MBean for naming resource [UserDatabase]
javax.management.InstanceNotFoundException: Users:type=UserDatabase,database=UserDatabase
	at com.sun.jmx.interceptor.DefaultMBeanServerInterceptor.getMBean(DefaultMBeanServerInterceptor.java:1118)
	at com.sun.jmx.interceptor.DefaultMBeanServerInterceptor.exclusiveUnregisterMBean(DefaultMBeanServerInterceptor.java:433)
	at com.sun.jmx.interceptor.DefaultMBeanServerInterceptor.unregisterMBean(DefaultMBeanServerInterceptor.java:421)
	at com.sun.jmx.mbeanserver.JmxMBeanServer.unregisterMBean(JmxMBeanServer.java:541)
	at org.apache.catalina.mbeans.MBeanUtils.destroyMBeanUserDatabase(MBeanUtils.java:1621)
	at org.apache.catalina.mbeans.MBeanUtils.destroyMBean(MBeanUtils.java:1207)
	at org.apache.catalina.deploy.NamingResources.destroyInternal(NamingResources.java:1084)
	at org.apache.catalina.util.LifecycleBase.destroy(LifecycleBase.java:305)
	at org.apache.catalina.core.StandardServer.destroyInternal(StandardServer.java:825)
	at org.apache.catalina.util.LifecycleBase.destroy(LifecycleBase.java:305)
	at org.apache.catalina.startup.Catalina.stop(Catalina.java:752)
	at org.apache.catalina.startup.Catalina.start(Catalina.java:713)
	at sun.reflect.NativeMethodAccessorImpl.invoke0(Native Method)
	at sun.reflect.NativeMethodAccessorImpl.invoke(NativeMethodAccessorImpl.java:57)
	at sun.reflect.DelegatingMethodAccessorImpl.invoke(DelegatingMethodAccessorImpl.java:43)
	at java.lang.reflect.Method.invoke(Method.java:616)
	at org.apache.catalina.startup.Bootstrap.start(Bootstrap.java:322)
	at org.apache.catalina.startup.Bootstrap.main(Bootstrap.java:456)
09-Jun-2013 15:59:48 org.apache.catalina.startup.Catalina initDirs
SEVERE: Cannot find specified temporary folder at /home/david/planA/example-context/temp
09-Jun-2013 15:59:49 org.apache.catalina.startup.SetAllPropertiesRule begin
WARNING: [SetAllPropertiesRule]{Server/Service/Connector} Setting property 'maxSpareThreads' to '75' did not find a matching property.
09-Jun-2013 15:59:49 org.apache.tomcat.util.digester.SetPropertiesRule begin
WARNING: [SetPropertiesRule]{Server/Service/Engine/Host} Setting property 'xmlValidation' to 'false' did not find a matching property.
09-Jun-2013 15:59:49 org.apache.tomcat.util.digester.SetPropertiesRule begin
WARNING: [SetPropertiesRule]{Server/Service/Engine/Host} Setting property 'xmlNamespaceAware' to 'false' did not find a matching property.
09-Jun-2013 15:59:49 org.apache.coyote.AbstractProtocol init
INFO: Initializing ProtocolHandler ["http-bio-59999"]
09-Jun-2013 15:59:49 org.apache.catalina.startup.Catalina load
INFO: Initialization processed in 440 ms
09-Jun-2013 15:59:49 org.apache.catalina.core.StandardService startInternal
INFO: Starting service Catalina
09-Jun-2013 15:59:49 org.apache.catalina.core.StandardEngine startInternal
INFO: Starting Servlet Engine: Apache Tomcat/7.0.40
09-Jun-2013 15:59:49 org.apache.catalina.startup.HostConfig deployDirectory
INFO: Deploying web application directory /home/david/planA/example-context/webapps/ROOT
09-Jun-2013 15:59:49 org.apache.coyote.AbstractProtocol start
INFO: Starting ProtocolHandler ["http-bio-59999"]
09-Jun-2013 15:59:49 org.apache.catalina.startup.Catalina start
INFO: Server startup in 296 ms
09-Jun-2013 16:08:39 org.apache.catalina.core.StandardContext reload
INFO: Reloading Context with name [] has started
09-Jun-2013 16:08:39 org.apache.catalina.core.StandardContext reload
INFO: Reloading Context with name [] is completed
09-Jun-2013 16:12:49 org.apache.catalina.core.StandardContext reload
INFO: Reloading Context with name [] has started
09-Jun-2013 16:12:49 org.apache.catalina.core.StandardContext reload
INFO: Reloading Context with name [] is completed
09-Jun-2013 16:13:33 org.apache.catalina.core.StandardServer await
INFO: A valid shutdown command was received via the shutdown port. Stopping the Server instance.
09-Jun-2013 16:13:33 org.apache.coyote.AbstractProtocol pause
INFO: Pausing ProtocolHandler ["http-bio-59999"]
09-Jun-2013 16:13:33 org.apache.catalina.core.StandardService stopInternal
INFO: Stopping service Catalina
09-Jun-2013 16:13:33 org.apache.coyote.AbstractProtocol stop
INFO: Stopping ProtocolHandler ["http-bio-59999"]
09-Jun-2013 16:13:33 org.apache.coyote.AbstractProtocol destroy
INFO: Destroying ProtocolHandler ["http-bio-59999"]
09-Jun-2013 16:13:33 org.apache.catalina.deploy.NamingResources destroyInternal
WARNING: Failed to destroy MBean for naming resource [UserDatabase]
javax.management.InstanceNotFoundException: Users:type=UserDatabase,database=UserDatabase
	at com.sun.jmx.interceptor.DefaultMBeanServerInterceptor.getMBean(DefaultMBeanServerInterceptor.java:1118)
	at com.sun.jmx.interceptor.DefaultMBeanServerInterceptor.exclusiveUnregisterMBean(DefaultMBeanServerInterceptor.java:433)
	at com.sun.jmx.interceptor.DefaultMBeanServerInterceptor.unregisterMBean(DefaultMBeanServerInterceptor.java:421)
	at com.sun.jmx.mbeanserver.JmxMBeanServer.unregisterMBean(JmxMBeanServer.java:541)
	at org.apache.catalina.mbeans.MBeanUtils.destroyMBeanUserDatabase(MBeanUtils.java:1621)
	at org.apache.catalina.mbeans.MBeanUtils.destroyMBean(MBeanUtils.java:1207)
	at org.apache.catalina.deploy.NamingResources.destroyInternal(NamingResources.java:1084)
	at org.apache.catalina.util.LifecycleBase.destroy(LifecycleBase.java:305)
	at org.apache.catalina.core.StandardServer.destroyInternal(StandardServer.java:825)
	at org.apache.catalina.util.LifecycleBase.destroy(LifecycleBase.java:305)
	at org.apache.catalina.startup.Catalina.stop(Catalina.java:752)
	at org.apache.catalina.startup.Catalina.start(Catalina.java:713)
	at sun.reflect.NativeMethodAccessorImpl.invoke0(Native Method)
	at sun.reflect.NativeMethodAccessorImpl.invoke(NativeMethodAccessorImpl.java:57)
	at sun.reflect.DelegatingMethodAccessorImpl.invoke(DelegatingMethodAccessorImpl.java:43)
	at java.lang.reflect.Method.invoke(Method.java:616)
	at org.apache.catalina.startup.Bootstrap.start(Bootstrap.java:322)
	at org.apache.catalina.startup.Bootstrap.main(Bootstrap.java:456)
09-Jun-2013 16:13:36 org.apache.catalina.startup.Catalina initDirs
SEVERE: Cannot find specified temporary folder at /home/david/planA/example-context/temp
09-Jun-2013 16:13:37 org.apache.catalina.startup.SetAllPropertiesRule begin
WARNING: [SetAllPropertiesRule]{Server/Service/Connector} Setting property 'maxSpareThreads' to '75' did not find a matching property.
09-Jun-2013 16:13:37 org.apache.tomcat.util.digester.SetPropertiesRule begin
WARNING: [SetPropertiesRule]{Server/Service/Engine/Host} Setting property 'xmlValidation' to 'false' did not find a matching property.
09-Jun-2013 16:13:37 org.apache.tomcat.util.digester.SetPropertiesRule begin
WARNING: [SetPropertiesRule]{Server/Service/Engine/Host} Setting property 'xmlNamespaceAware' to 'false' did not find a matching property.
09-Jun-2013 16:13:37 org.apache.coyote.AbstractProtocol init
INFO: Initializing ProtocolHandler ["http-bio-59999"]
09-Jun-2013 16:13:37 org.apache.catalina.startup.Catalina load
INFO: Initialization processed in 459 ms
09-Jun-2013 16:13:37 org.apache.catalina.core.StandardService startInternal
INFO: Starting service Catalina
09-Jun-2013 16:13:37 org.apache.catalina.core.StandardEngine startInternal
INFO: Starting Servlet Engine: Apache Tomcat/7.0.40
09-Jun-2013 16:13:37 org.apache.catalina.startup.HostConfig deployDirectory
INFO: Deploying web application directory /home/david/planA/example-context/webapps/ROOT
09-Jun-2013 16:13:38 org.apache.catalina.util.SessionIdGenerator createSecureRandom
INFO: Creation of SecureRandom instance for session ID generation using [SHA1PRNG] took [602] milliseconds.
09-Jun-2013 16:13:38 org.apache.coyote.AbstractProtocol start
INFO: Starting ProtocolHandler ["http-bio-59999"]
09-Jun-2013 16:13:38 org.apache.catalina.startup.Catalina start
INFO: Server startup in 904 ms
09-Jun-2013 16:16:08 org.apache.catalina.core.StandardContext reload
INFO: Reloading Context with name [] has started
09-Jun-2013 16:16:08 org.apache.catalina.core.StandardContext reload
INFO: Reloading Context with name [] is completed
09-Jun-2013 16:16:11 org.apache.catalina.startup.Catalina initDirs
SEVERE: Cannot find specified temporary folder at /home/david/planA/example-context/temp
09-Jun-2013 16:16:11 org.apache.catalina.startup.SetAllPropertiesRule begin
WARNING: [SetAllPropertiesRule]{Server/Service/Connector} Setting property 'maxSpareThreads' to '75' did not find a matching property.
09-Jun-2013 16:16:11 org.apache.tomcat.util.digester.SetPropertiesRule begin
WARNING: [SetPropertiesRule]{Server/Service/Engine/Host} Setting property 'xmlValidation' to 'false' did not find a matching property.
09-Jun-2013 16:16:11 org.apache.tomcat.util.digester.SetPropertiesRule begin
WARNING: [SetPropertiesRule]{Server/Service/Engine/Host} Setting property 'xmlNamespaceAware' to 'false' did not find a matching property.
09-Jun-2013 16:16:12 org.apache.coyote.AbstractProtocol init
INFO: Initializing ProtocolHandler ["http-bio-59999"]
09-Jun-2013 16:16:12 org.apache.coyote.AbstractProtocol init
SEVERE: Failed to initialize end point associated with ProtocolHandler ["http-bio-59999"]
java.net.BindException: Address already in use <null>:59999
	at org.apache.tomcat.util.net.JIoEndpoint.bind(JIoEndpoint.java:406)
	at org.apache.tomcat.util.net.AbstractEndpoint.init(AbstractEndpoint.java:610)
	at org.apache.coyote.AbstractProtocol.init(AbstractProtocol.java:429)
	at org.apache.coyote.http11.AbstractHttp11JsseProtocol.init(AbstractHttp11JsseProtocol.java:119)
	at org.apache.catalina.connector.Connector.initInternal(Connector.java:981)
	at org.apache.catalina.util.LifecycleBase.init(LifecycleBase.java:102)
	at org.apache.catalina.core.StandardService.initInternal(StandardService.java:559)
	at org.apache.catalina.util.LifecycleBase.init(LifecycleBase.java:102)
	at org.apache.catalina.core.StandardServer.initInternal(StandardServer.java:814)
	at org.apache.catalina.util.LifecycleBase.init(LifecycleBase.java:102)
	at org.apache.catalina.startup.Catalina.load(Catalina.java:633)
	at org.apache.catalina.startup.Catalina.load(Catalina.java:658)
	at sun.reflect.NativeMethodAccessorImpl.invoke0(Native Method)
	at sun.reflect.NativeMethodAccessorImpl.invoke(NativeMethodAccessorImpl.java:57)
	at sun.reflect.DelegatingMethodAccessorImpl.invoke(DelegatingMethodAccessorImpl.java:43)
	at java.lang.reflect.Method.invoke(Method.java:616)
	at org.apache.catalina.startup.Bootstrap.load(Bootstrap.java:281)
	at org.apache.catalina.startup.Bootstrap.main(Bootstrap.java:455)
Caused by: java.net.BindException: Address already in use
	at java.net.PlainSocketImpl.socketBind(Native Method)
	at java.net.AbstractPlainSocketImpl.bind(AbstractPlainSocketImpl.java:353)
	at java.net.ServerSocket.bind(ServerSocket.java:336)
	at java.net.ServerSocket.<init>(ServerSocket.java:202)
	at java.net.ServerSocket.<init>(ServerSocket.java:158)
	at org.apache.tomcat.util.net.DefaultServerSocketFactory.createSocket(DefaultServerSocketFactory.java:49)
	at org.apache.tomcat.util.net.JIoEndpoint.bind(JIoEndpoint.java:393)
	... 17 more
09-Jun-2013 16:16:12 org.apache.catalina.core.StandardService initInternal
SEVERE: Failed to initialize connector [Connector[HTTP/1.1-59999]]
org.apache.catalina.LifecycleException: Failed to initialize component [Connector[HTTP/1.1-59999]]
	at org.apache.catalina.util.LifecycleBase.init(LifecycleBase.java:106)
	at org.apache.catalina.core.StandardService.initInternal(StandardService.java:559)
	at org.apache.catalina.util.LifecycleBase.init(LifecycleBase.java:102)
	at org.apache.catalina.core.StandardServer.initInternal(StandardServer.java:814)
	at org.apache.catalina.util.LifecycleBase.init(LifecycleBase.java:102)
	at org.apache.catalina.startup.Catalina.load(Catalina.java:633)
	at org.apache.catalina.startup.Catalina.load(Catalina.java:658)
	at sun.reflect.NativeMethodAccessorImpl.invoke0(Native Method)
	at sun.reflect.NativeMethodAccessorImpl.invoke(NativeMethodAccessorImpl.java:57)
	at sun.reflect.DelegatingMethodAccessorImpl.invoke(DelegatingMethodAccessorImpl.java:43)
	at java.lang.reflect.Method.invoke(Method.java:616)
	at org.apache.catalina.startup.Bootstrap.load(Bootstrap.java:281)
	at org.apache.catalina.startup.Bootstrap.main(Bootstrap.java:455)
Caused by: org.apache.catalina.LifecycleException: Protocol handler initialization failed
	at org.apache.catalina.connector.Connector.initInternal(Connector.java:983)
	at org.apache.catalina.util.LifecycleBase.init(LifecycleBase.java:102)
	... 12 more
Caused by: java.net.BindException: Address already in use <null>:59999
	at org.apache.tomcat.util.net.JIoEndpoint.bind(JIoEndpoint.java:406)
	at org.apache.tomcat.util.net.AbstractEndpoint.init(AbstractEndpoint.java:610)
	at org.apache.coyote.AbstractProtocol.init(AbstractProtocol.java:429)
	at org.apache.coyote.http11.AbstractHttp11JsseProtocol.init(AbstractHttp11JsseProtocol.java:119)
	at org.apache.catalina.connector.Connector.initInternal(Connector.java:981)
	... 13 more
Caused by: java.net.BindException: Address already in use
	at java.net.PlainSocketImpl.socketBind(Native Method)
	at java.net.AbstractPlainSocketImpl.bind(AbstractPlainSocketImpl.java:353)
	at java.net.ServerSocket.bind(ServerSocket.java:336)
	at java.net.ServerSocket.<init>(ServerSocket.java:202)
	at java.net.ServerSocket.<init>(ServerSocket.java:158)
	at org.apache.tomcat.util.net.DefaultServerSocketFactory.createSocket(DefaultServerSocketFactory.java:49)
	at org.apache.tomcat.util.net.JIoEndpoint.bind(JIoEndpoint.java:393)
	... 17 more
09-Jun-2013 16:16:12 org.apache.catalina.startup.Catalina load
INFO: Initialization processed in 450 ms
09-Jun-2013 16:16:12 org.apache.catalina.core.StandardService startInternal
INFO: Starting service Catalina
09-Jun-2013 16:16:12 org.apache.catalina.core.StandardEngine startInternal
INFO: Starting Servlet Engine: Apache Tomcat/7.0.40
09-Jun-2013 16:16:12 org.apache.catalina.startup.HostConfig deployDirectory
INFO: Deploying web application directory /home/david/planA/example-context/webapps/ROOT
09-Jun-2013 16:16:12 org.apache.catalina.startup.Catalina start
INFO: Server startup in 302 ms
09-Jun-2013 16:16:12 org.apache.catalina.core.StandardServer await
SEVERE: StandardServer.await: create[localhost:8005]: 
java.net.BindException: Address already in use
	at java.net.PlainSocketImpl.socketBind(Native Method)
	at java.net.AbstractPlainSocketImpl.bind(AbstractPlainSocketImpl.java:353)
	at java.net.ServerSocket.bind(ServerSocket.java:336)
	at java.net.ServerSocket.<init>(ServerSocket.java:202)
	at org.apache.catalina.core.StandardServer.await(StandardServer.java:427)
	at org.apache.catalina.startup.Catalina.await(Catalina.java:766)
	at org.apache.catalina.startup.Catalina.start(Catalina.java:712)
	at sun.reflect.NativeMethodAccessorImpl.invoke0(Native Method)
	at sun.reflect.NativeMethodAccessorImpl.invoke(NativeMethodAccessorImpl.java:57)
	at sun.reflect.DelegatingMethodAccessorImpl.invoke(DelegatingMethodAccessorImpl.java:43)
	at java.lang.reflect.Method.invoke(Method.java:616)
	at org.apache.catalina.startup.Bootstrap.start(Bootstrap.java:322)
	at org.apache.catalina.startup.Bootstrap.main(Bootstrap.java:456)
09-Jun-2013 16:16:12 org.apache.coyote.AbstractProtocol pause
INFO: Pausing ProtocolHandler ["http-bio-59999"]
09-Jun-2013 16:16:12 org.apache.catalina.core.StandardService stopInternal
INFO: Stopping service Catalina
09-Jun-2013 16:16:12 org.apache.coyote.AbstractProtocol stop
INFO: Stopping ProtocolHandler ["http-bio-59999"]
09-Jun-2013 16:16:12 org.apache.coyote.AbstractProtocol destroy
INFO: Destroying ProtocolHandler ["http-bio-59999"]
09-Jun-2013 16:16:12 org.apache.catalina.deploy.NamingResources destroyInternal
WARNING: Failed to destroy MBean for naming resource [UserDatabase]
javax.management.InstanceNotFoundException: Users:type=UserDatabase,database=UserDatabase
	at com.sun.jmx.interceptor.DefaultMBeanServerInterceptor.getMBean(DefaultMBeanServerInterceptor.java:1118)
	at com.sun.jmx.interceptor.DefaultMBeanServerInterceptor.exclusiveUnregisterMBean(DefaultMBeanServerInterceptor.java:433)
	at com.sun.jmx.interceptor.DefaultMBeanServerInterceptor.unregisterMBean(DefaultMBeanServerInterceptor.java:421)
	at com.sun.jmx.mbeanserver.JmxMBeanServer.unregisterMBean(JmxMBeanServer.java:541)
	at org.apache.catalina.mbeans.MBeanUtils.destroyMBeanUserDatabase(MBeanUtils.java:1621)
	at org.apache.catalina.mbeans.MBeanUtils.destroyMBean(MBeanUtils.java:1207)
	at org.apache.catalina.deploy.NamingResources.destroyInternal(NamingResources.java:1084)
	at org.apache.catalina.util.LifecycleBase.destroy(LifecycleBase.java:305)
	at org.apache.catalina.core.StandardServer.destroyInternal(StandardServer.java:825)
	at org.apache.catalina.util.LifecycleBase.destroy(LifecycleBase.java:305)
	at org.apache.catalina.startup.Catalina.stop(Catalina.java:752)
	at org.apache.catalina.startup.Catalina.start(Catalina.java:713)
	at sun.reflect.NativeMethodAccessorImpl.invoke0(Native Method)
	at sun.reflect.NativeMethodAccessorImpl.invoke(NativeMethodAccessorImpl.java:57)
	at sun.reflect.DelegatingMethodAccessorImpl.invoke(DelegatingMethodAccessorImpl.java:43)
	at java.lang.reflect.Method.invoke(Method.java:616)
	at org.apache.catalina.startup.Bootstrap.start(Bootstrap.java:322)
	at org.apache.catalina.startup.Bootstrap.main(Bootstrap.java:456)
09-Jun-2013 16:19:18 org.apache.catalina.core.StandardContext reload
INFO: Reloading Context with name [] has started
09-Jun-2013 16:19:18 org.apache.catalina.core.StandardContext reload
INFO: Reloading Context with name [] is completed
09-Jun-2013 16:19:21 org.apache.catalina.core.StandardServer await
INFO: A valid shutdown command was received via the shutdown port. Stopping the Server instance.
09-Jun-2013 16:19:21 org.apache.coyote.AbstractProtocol pause
INFO: Pausing ProtocolHandler ["http-bio-59999"]
09-Jun-2013 16:19:21 org.apache.catalina.core.StandardService stopInternal
INFO: Stopping service Catalina
09-Jun-2013 16:19:21 org.apache.coyote.AbstractProtocol stop
INFO: Stopping ProtocolHandler ["http-bio-59999"]
09-Jun-2013 16:19:21 org.apache.coyote.AbstractProtocol destroy
INFO: Destroying ProtocolHandler ["http-bio-59999"]
09-Jun-2013 16:19:21 org.apache.catalina.deploy.NamingResources destroyInternal
WARNING: Failed to destroy MBean for naming resource [UserDatabase]
javax.management.InstanceNotFoundException: Users:type=UserDatabase,database=UserDatabase
	at com.sun.jmx.interceptor.DefaultMBeanServerInterceptor.getMBean(DefaultMBeanServerInterceptor.java:1118)
	at com.sun.jmx.interceptor.DefaultMBeanServerInterceptor.exclusiveUnregisterMBean(DefaultMBeanServerInterceptor.java:433)
	at com.sun.jmx.interceptor.DefaultMBeanServerInterceptor.unregisterMBean(DefaultMBeanServerInterceptor.java:421)
	at com.sun.jmx.mbeanserver.JmxMBeanServer.unregisterMBean(JmxMBeanServer.java:541)
	at org.apache.catalina.mbeans.MBeanUtils.destroyMBeanUserDatabase(MBeanUtils.java:1621)
	at org.apache.catalina.mbeans.MBeanUtils.destroyMBean(MBeanUtils.java:1207)
	at org.apache.catalina.deploy.NamingResources.destroyInternal(NamingResources.java:1084)
	at org.apache.catalina.util.LifecycleBase.destroy(LifecycleBase.java:305)
	at org.apache.catalina.core.StandardServer.destroyInternal(StandardServer.java:825)
	at org.apache.catalina.util.LifecycleBase.destroy(LifecycleBase.java:305)
	at org.apache.catalina.startup.Catalina.stop(Catalina.java:752)
	at org.apache.catalina.startup.Catalina.start(Catalina.java:713)
	at sun.reflect.NativeMethodAccessorImpl.invoke0(Native Method)
	at sun.reflect.NativeMethodAccessorImpl.invoke(NativeMethodAccessorImpl.java:57)
	at sun.reflect.DelegatingMethodAccessorImpl.invoke(DelegatingMethodAccessorImpl.java:43)
	at java.lang.reflect.Method.invoke(Method.java:616)
	at org.apache.catalina.startup.Bootstrap.start(Bootstrap.java:322)
	at org.apache.catalina.startup.Bootstrap.main(Bootstrap.java:456)
09-Jun-2013 16:19:26 org.apache.catalina.startup.Catalina initDirs
SEVERE: Cannot find specified temporary folder at /home/david/planA/example-context/temp
09-Jun-2013 16:19:26 org.apache.catalina.startup.SetAllPropertiesRule begin
WARNING: [SetAllPropertiesRule]{Server/Service/Connector} Setting property 'maxSpareThreads' to '75' did not find a matching property.
09-Jun-2013 16:19:26 org.apache.tomcat.util.digester.SetPropertiesRule begin
WARNING: [SetPropertiesRule]{Server/Service/Engine/Host} Setting property 'xmlValidation' to 'false' did not find a matching property.
09-Jun-2013 16:19:26 org.apache.tomcat.util.digester.SetPropertiesRule begin
WARNING: [SetPropertiesRule]{Server/Service/Engine/Host} Setting property 'xmlNamespaceAware' to 'false' did not find a matching property.
09-Jun-2013 16:19:26 org.apache.coyote.AbstractProtocol init
INFO: Initializing ProtocolHandler ["http-bio-59999"]
09-Jun-2013 16:19:26 org.apache.catalina.startup.Catalina load
INFO: Initialization processed in 458 ms
09-Jun-2013 16:19:26 org.apache.catalina.core.StandardService startInternal
INFO: Starting service Catalina
09-Jun-2013 16:19:26 org.apache.catalina.core.StandardEngine startInternal
INFO: Starting Servlet Engine: Apache Tomcat/7.0.40
09-Jun-2013 16:19:26 org.apache.catalina.startup.HostConfig deployDirectory
INFO: Deploying web application directory /home/david/planA/example-context/webapps/ROOT
09-Jun-2013 16:19:27 org.apache.coyote.AbstractProtocol start
INFO: Starting ProtocolHandler ["http-bio-59999"]
09-Jun-2013 16:19:27 org.apache.catalina.startup.Catalina start
INFO: Server startup in 296 ms
09-Jun-2013 16:20:12 org.apache.coyote.AbstractProtocol pause
INFO: Pausing ProtocolHandler ["http-bio-59999"]
09-Jun-2013 16:20:12 org.apache.catalina.core.StandardService stopInternal
INFO: Stopping service Catalina
09-Jun-2013 16:20:12 org.apache.coyote.AbstractProtocol stop
INFO: Stopping ProtocolHandler ["http-bio-59999"]
09-Jun-2013 16:20:12 org.apache.coyote.AbstractProtocol destroy
INFO: Destroying ProtocolHandler ["http-bio-59999"]
09-Jun-2013 16:20:12 org.apache.catalina.deploy.NamingResources destroyInternal
WARNING: Failed to destroy MBean for naming resource [UserDatabase]
javax.management.InstanceNotFoundException: Users:type=UserDatabase,database=UserDatabase
	at com.sun.jmx.interceptor.DefaultMBeanServerInterceptor.getMBean(DefaultMBeanServerInterceptor.java:1118)
	at com.sun.jmx.interceptor.DefaultMBeanServerInterceptor.exclusiveUnregisterMBean(DefaultMBeanServerInterceptor.java:433)
	at com.sun.jmx.interceptor.DefaultMBeanServerInterceptor.unregisterMBean(DefaultMBeanServerInterceptor.java:421)
	at com.sun.jmx.mbeanserver.JmxMBeanServer.unregisterMBean(JmxMBeanServer.java:541)
	at org.apache.catalina.mbeans.MBeanUtils.destroyMBeanUserDatabase(MBeanUtils.java:1621)
	at org.apache.catalina.mbeans.MBeanUtils.destroyMBean(MBeanUtils.java:1207)
	at org.apache.catalina.deploy.NamingResources.destroyInternal(NamingResources.java:1084)
	at org.apache.catalina.util.LifecycleBase.destroy(LifecycleBase.java:305)
	at org.apache.catalina.core.StandardServer.destroyInternal(StandardServer.java:825)
	at org.apache.catalina.util.LifecycleBase.destroy(LifecycleBase.java:305)
	at org.apache.catalina.startup.Catalina.stop(Catalina.java:752)
	at org.apache.catalina.startup.Catalina$CatalinaShutdownHook.run(Catalina.java:897)
09-Jun-2013 22:14:47 org.apache.catalina.startup.Catalina initDirs
SEVERE: Cannot find specified temporary folder at /home/david/planA/example-context/temp
09-Jun-2013 22:14:48 org.apache.catalina.startup.SetAllPropertiesRule begin
WARNING: [SetAllPropertiesRule]{Server/Service/Connector} Setting property 'maxSpareThreads' to '75' did not find a matching property.
09-Jun-2013 22:14:48 org.apache.tomcat.util.digester.SetPropertiesRule begin
WARNING: [SetPropertiesRule]{Server/Service/Engine/Host} Setting property 'xmlValidation' to 'false' did not find a matching property.
09-Jun-2013 22:14:48 org.apache.tomcat.util.digester.SetPropertiesRule begin
WARNING: [SetPropertiesRule]{Server/Service/Engine/Host} Setting property 'xmlNamespaceAware' to 'false' did not find a matching property.
09-Jun-2013 22:14:48 org.apache.coyote.AbstractProtocol init
INFO: Initializing ProtocolHandler ["http-bio-59999"]
09-Jun-2013 22:14:48 org.apache.catalina.startup.Catalina load
INFO: Initialization processed in 1110 ms
09-Jun-2013 22:14:48 org.apache.catalina.core.StandardService startInternal
INFO: Starting service Catalina
09-Jun-2013 22:14:48 org.apache.catalina.core.StandardEngine startInternal
INFO: Starting Servlet Engine: Apache Tomcat/7.0.40
09-Jun-2013 22:14:49 org.apache.catalina.startup.HostConfig deployDirectory
INFO: Deploying web application directory /home/david/planA/example-context/webapps/ROOT
09-Jun-2013 22:14:49 org.apache.coyote.AbstractProtocol start
INFO: Starting ProtocolHandler ["http-bio-59999"]
09-Jun-2013 22:14:49 org.apache.catalina.startup.Catalina start
INFO: Server startup in 689 ms
09-Jun-2013 22:27:18 org.apache.catalina.startup.Catalina initDirs
SEVERE: Cannot find specified temporary folder at /home/david/planA/example-context/temp
09-Jun-2013 22:27:18 org.apache.catalina.startup.SetAllPropertiesRule begin
WARNING: [SetAllPropertiesRule]{Server/Service/Connector} Setting property 'maxSpareThreads' to '75' did not find a matching property.
09-Jun-2013 22:27:18 org.apache.tomcat.util.digester.SetPropertiesRule begin
WARNING: [SetPropertiesRule]{Server/Service/Engine/Host} Setting property 'xmlValidation' to 'false' did not find a matching property.
09-Jun-2013 22:27:18 org.apache.tomcat.util.digester.SetPropertiesRule begin
WARNING: [SetPropertiesRule]{Server/Service/Engine/Host} Setting property 'xmlNamespaceAware' to 'false' did not find a matching property.
09-Jun-2013 22:27:19 org.apache.coyote.AbstractProtocol init
INFO: Initializing ProtocolHandler ["http-bio-59999"]
09-Jun-2013 22:27:19 org.apache.coyote.AbstractProtocol init
SEVERE: Failed to initialize end point associated with ProtocolHandler ["http-bio-59999"]
java.net.BindException: Address already in use <null>:59999
	at org.apache.tomcat.util.net.JIoEndpoint.bind(JIoEndpoint.java:406)
	at org.apache.tomcat.util.net.AbstractEndpoint.init(AbstractEndpoint.java:610)
	at org.apache.coyote.AbstractProtocol.init(AbstractProtocol.java:429)
	at org.apache.coyote.http11.AbstractHttp11JsseProtocol.init(AbstractHttp11JsseProtocol.java:119)
	at org.apache.catalina.connector.Connector.initInternal(Connector.java:981)
	at org.apache.catalina.util.LifecycleBase.init(LifecycleBase.java:102)
	at org.apache.catalina.core.StandardService.initInternal(StandardService.java:559)
	at org.apache.catalina.util.LifecycleBase.init(LifecycleBase.java:102)
	at org.apache.catalina.core.StandardServer.initInternal(StandardServer.java:814)
	at org.apache.catalina.util.LifecycleBase.init(LifecycleBase.java:102)
	at org.apache.catalina.startup.Catalina.load(Catalina.java:633)
	at org.apache.catalina.startup.Catalina.load(Catalina.java:658)
	at sun.reflect.NativeMethodAccessorImpl.invoke0(Native Method)
	at sun.reflect.NativeMethodAccessorImpl.invoke(NativeMethodAccessorImpl.java:57)
	at sun.reflect.DelegatingMethodAccessorImpl.invoke(DelegatingMethodAccessorImpl.java:43)
	at java.lang.reflect.Method.invoke(Method.java:616)
	at org.apache.catalina.startup.Bootstrap.load(Bootstrap.java:281)
	at org.apache.catalina.startup.Bootstrap.main(Bootstrap.java:455)
Caused by: java.net.BindException: Address already in use
	at java.net.PlainSocketImpl.socketBind(Native Method)
	at java.net.AbstractPlainSocketImpl.bind(AbstractPlainSocketImpl.java:353)
	at java.net.ServerSocket.bind(ServerSocket.java:336)
	at java.net.ServerSocket.<init>(ServerSocket.java:202)
	at java.net.ServerSocket.<init>(ServerSocket.java:158)
	at org.apache.tomcat.util.net.DefaultServerSocketFactory.createSocket(DefaultServerSocketFactory.java:49)
	at org.apache.tomcat.util.net.JIoEndpoint.bind(JIoEndpoint.java:393)
	... 17 more
09-Jun-2013 22:27:19 org.apache.catalina.core.StandardService initInternal
SEVERE: Failed to initialize connector [Connector[HTTP/1.1-59999]]
org.apache.catalina.LifecycleException: Failed to initialize component [Connector[HTTP/1.1-59999]]
	at org.apache.catalina.util.LifecycleBase.init(LifecycleBase.java:106)
	at org.apache.catalina.core.StandardService.initInternal(StandardService.java:559)
	at org.apache.catalina.util.LifecycleBase.init(LifecycleBase.java:102)
	at org.apache.catalina.core.StandardServer.initInternal(StandardServer.java:814)
	at org.apache.catalina.util.LifecycleBase.init(LifecycleBase.java:102)
	at org.apache.catalina.startup.Catalina.load(Catalina.java:633)
	at org.apache.catalina.startup.Catalina.load(Catalina.java:658)
	at sun.reflect.NativeMethodAccessorImpl.invoke0(Native Method)
	at sun.reflect.NativeMethodAccessorImpl.invoke(NativeMethodAccessorImpl.java:57)
	at sun.reflect.DelegatingMethodAccessorImpl.invoke(DelegatingMethodAccessorImpl.java:43)
	at java.lang.reflect.Method.invoke(Method.java:616)
	at org.apache.catalina.startup.Bootstrap.load(Bootstrap.java:281)
	at org.apache.catalina.startup.Bootstrap.main(Bootstrap.java:455)
Caused by: org.apache.catalina.LifecycleException: Protocol handler initialization failed
	at org.apache.catalina.connector.Connector.initInternal(Connector.java:983)
	at org.apache.catalina.util.LifecycleBase.init(LifecycleBase.java:102)
	... 12 more
Caused by: java.net.BindException: Address already in use <null>:59999
	at org.apache.tomcat.util.net.JIoEndpoint.bind(JIoEndpoint.java:406)
	at org.apache.tomcat.util.net.AbstractEndpoint.init(AbstractEndpoint.java:610)
	at org.apache.coyote.AbstractProtocol.init(AbstractProtocol.java:429)
	at org.apache.coyote.http11.AbstractHttp11JsseProtocol.init(AbstractHttp11JsseProtocol.java:119)
	at org.apache.catalina.connector.Connector.initInternal(Connector.java:981)
	... 13 more
Caused by: java.net.BindException: Address already in use
	at java.net.PlainSocketImpl.socketBind(Native Method)
	at java.net.AbstractPlainSocketImpl.bind(AbstractPlainSocketImpl.java:353)
	at java.net.ServerSocket.bind(ServerSocket.java:336)
	at java.net.ServerSocket.<init>(ServerSocket.java:202)
	at java.net.ServerSocket.<init>(ServerSocket.java:158)
	at org.apache.tomcat.util.net.DefaultServerSocketFactory.createSocket(DefaultServerSocketFactory.java:49)
	at org.apache.tomcat.util.net.JIoEndpoint.bind(JIoEndpoint.java:393)
	... 17 more
09-Jun-2013 22:27:19 org.apache.catalina.startup.Catalina load
INFO: Initialization processed in 414 ms
09-Jun-2013 22:27:19 org.apache.catalina.core.StandardService startInternal
INFO: Starting service Catalina
09-Jun-2013 22:27:19 org.apache.catalina.core.StandardEngine startInternal
INFO: Starting Servlet Engine: Apache Tomcat/7.0.40
09-Jun-2013 22:27:19 org.apache.catalina.startup.HostConfig deployDirectory
INFO: Deploying web application directory /home/david/planA/example-context/webapps/ROOT
09-Jun-2013 22:27:19 org.apache.catalina.core.StandardContext reload
INFO: Reloading Context with name [] has started
09-Jun-2013 22:27:19 org.apache.catalina.core.StandardContext reload
INFO: Reloading Context with name [] is completed
09-Jun-2013 22:27:20 org.apache.catalina.util.SessionIdGenerator createSecureRandom
INFO: Creation of SecureRandom instance for session ID generation using [SHA1PRNG] took [1,467] milliseconds.
09-Jun-2013 22:27:20 org.apache.catalina.startup.Catalina start
INFO: Server startup in 1739 ms
09-Jun-2013 22:27:20 org.apache.catalina.core.StandardServer await
SEVERE: StandardServer.await: create[localhost:8005]: 
java.net.BindException: Address already in use
	at java.net.PlainSocketImpl.socketBind(Native Method)
	at java.net.AbstractPlainSocketImpl.bind(AbstractPlainSocketImpl.java:353)
	at java.net.ServerSocket.bind(ServerSocket.java:336)
	at java.net.ServerSocket.<init>(ServerSocket.java:202)
	at org.apache.catalina.core.StandardServer.await(StandardServer.java:427)
	at org.apache.catalina.startup.Catalina.await(Catalina.java:766)
	at org.apache.catalina.startup.Catalina.start(Catalina.java:712)
	at sun.reflect.NativeMethodAccessorImpl.invoke0(Native Method)
	at sun.reflect.NativeMethodAccessorImpl.invoke(NativeMethodAccessorImpl.java:57)
	at sun.reflect.DelegatingMethodAccessorImpl.invoke(DelegatingMethodAccessorImpl.java:43)
	at java.lang.reflect.Method.invoke(Method.java:616)
	at org.apache.catalina.startup.Bootstrap.start(Bootstrap.java:322)
	at org.apache.catalina.startup.Bootstrap.main(Bootstrap.java:456)
09-Jun-2013 22:27:20 org.apache.coyote.AbstractProtocol pause
INFO: Pausing ProtocolHandler ["http-bio-59999"]
09-Jun-2013 22:27:20 org.apache.catalina.core.StandardService stopInternal
INFO: Stopping service Catalina
09-Jun-2013 22:27:20 org.apache.coyote.AbstractProtocol stop
INFO: Stopping ProtocolHandler ["http-bio-59999"]
09-Jun-2013 22:27:20 org.apache.coyote.AbstractProtocol destroy
INFO: Destroying ProtocolHandler ["http-bio-59999"]
09-Jun-2013 22:27:20 org.apache.catalina.deploy.NamingResources destroyInternal
WARNING: Failed to destroy MBean for naming resource [UserDatabase]
javax.management.InstanceNotFoundException: Users:type=UserDatabase,database=UserDatabase
	at com.sun.jmx.interceptor.DefaultMBeanServerInterceptor.getMBean(DefaultMBeanServerInterceptor.java:1118)
	at com.sun.jmx.interceptor.DefaultMBeanServerInterceptor.exclusiveUnregisterMBean(DefaultMBeanServerInterceptor.java:433)
	at com.sun.jmx.interceptor.DefaultMBeanServerInterceptor.unregisterMBean(DefaultMBeanServerInterceptor.java:421)
	at com.sun.jmx.mbeanserver.JmxMBeanServer.unregisterMBean(JmxMBeanServer.java:541)
	at org.apache.catalina.mbeans.MBeanUtils.destroyMBeanUserDatabase(MBeanUtils.java:1621)
	at org.apache.catalina.mbeans.MBeanUtils.destroyMBean(MBeanUtils.java:1207)
	at org.apache.catalina.deploy.NamingResources.destroyInternal(NamingResources.java:1084)
	at org.apache.catalina.util.LifecycleBase.destroy(LifecycleBase.java:305)
	at org.apache.catalina.core.StandardServer.destroyInternal(StandardServer.java:825)
	at org.apache.catalina.util.LifecycleBase.destroy(LifecycleBase.java:305)
	at org.apache.catalina.startup.Catalina.stop(Catalina.java:752)
	at org.apache.catalina.startup.Catalina.start(Catalina.java:713)
	at sun.reflect.NativeMethodAccessorImpl.invoke0(Native Method)
	at sun.reflect.NativeMethodAccessorImpl.invoke(NativeMethodAccessorImpl.java:57)
	at sun.reflect.DelegatingMethodAccessorImpl.invoke(DelegatingMethodAccessorImpl.java:43)
	at java.lang.reflect.Method.invoke(Method.java:616)
	at org.apache.catalina.startup.Bootstrap.start(Bootstrap.java:322)
	at org.apache.catalina.startup.Bootstrap.main(Bootstrap.java:456)
09-Jun-2013 22:27:24 org.apache.catalina.core.StandardServer await
INFO: A valid shutdown command was received via the shutdown port. Stopping the Server instance.
09-Jun-2013 22:27:24 org.apache.coyote.AbstractProtocol pause
INFO: Pausing ProtocolHandler ["http-bio-59999"]
09-Jun-2013 22:27:24 org.apache.catalina.core.StandardService stopInternal
INFO: Stopping service Catalina
09-Jun-2013 22:27:24 org.apache.coyote.AbstractProtocol stop
INFO: Stopping ProtocolHandler ["http-bio-59999"]
09-Jun-2013 22:27:24 org.apache.coyote.AbstractProtocol destroy
INFO: Destroying ProtocolHandler ["http-bio-59999"]
09-Jun-2013 22:27:24 org.apache.catalina.deploy.NamingResources destroyInternal
WARNING: Failed to destroy MBean for naming resource [UserDatabase]
javax.management.InstanceNotFoundException: Users:type=UserDatabase,database=UserDatabase
	at com.sun.jmx.interceptor.DefaultMBeanServerInterceptor.getMBean(DefaultMBeanServerInterceptor.java:1118)
	at com.sun.jmx.interceptor.DefaultMBeanServerInterceptor.exclusiveUnregisterMBean(DefaultMBeanServerInterceptor.java:433)
	at com.sun.jmx.interceptor.DefaultMBeanServerInterceptor.unregisterMBean(DefaultMBeanServerInterceptor.java:421)
	at com.sun.jmx.mbeanserver.JmxMBeanServer.unregisterMBean(JmxMBeanServer.java:541)
	at org.apache.catalina.mbeans.MBeanUtils.destroyMBeanUserDatabase(MBeanUtils.java:1621)
	at org.apache.catalina.mbeans.MBeanUtils.destroyMBean(MBeanUtils.java:1207)
	at org.apache.catalina.deploy.NamingResources.destroyInternal(NamingResources.java:1084)
	at org.apache.catalina.util.LifecycleBase.destroy(LifecycleBase.java:305)
	at org.apache.catalina.core.StandardServer.destroyInternal(StandardServer.java:825)
	at org.apache.catalina.util.LifecycleBase.destroy(LifecycleBase.java:305)
	at org.apache.catalina.startup.Catalina.stop(Catalina.java:752)
	at org.apache.catalina.startup.Catalina.start(Catalina.java:713)
	at sun.reflect.NativeMethodAccessorImpl.invoke0(Native Method)
	at sun.reflect.NativeMethodAccessorImpl.invoke(NativeMethodAccessorImpl.java:57)
	at sun.reflect.DelegatingMethodAccessorImpl.invoke(DelegatingMethodAccessorImpl.java:43)
	at java.lang.reflect.Method.invoke(Method.java:616)
	at org.apache.catalina.startup.Bootstrap.start(Bootstrap.java:322)
	at org.apache.catalina.startup.Bootstrap.main(Bootstrap.java:456)
09-Jun-2013 22:27:27 org.apache.catalina.startup.Catalina initDirs
SEVERE: Cannot find specified temporary folder at /home/david/planA/example-context/temp
09-Jun-2013 22:27:28 org.apache.catalina.startup.SetAllPropertiesRule begin
WARNING: [SetAllPropertiesRule]{Server/Service/Connector} Setting property 'maxSpareThreads' to '75' did not find a matching property.
09-Jun-2013 22:27:28 org.apache.tomcat.util.digester.SetPropertiesRule begin
WARNING: [SetPropertiesRule]{Server/Service/Engine/Host} Setting property 'xmlValidation' to 'false' did not find a matching property.
09-Jun-2013 22:27:28 org.apache.tomcat.util.digester.SetPropertiesRule begin
WARNING: [SetPropertiesRule]{Server/Service/Engine/Host} Setting property 'xmlNamespaceAware' to 'false' did not find a matching property.
09-Jun-2013 22:27:28 org.apache.coyote.AbstractProtocol init
INFO: Initializing ProtocolHandler ["http-bio-59999"]
09-Jun-2013 22:27:28 org.apache.catalina.startup.Catalina load
INFO: Initialization processed in 470 ms
09-Jun-2013 22:27:28 org.apache.catalina.core.StandardService startInternal
INFO: Starting service Catalina
09-Jun-2013 22:27:28 org.apache.catalina.core.StandardEngine startInternal
INFO: Starting Servlet Engine: Apache Tomcat/7.0.40
09-Jun-2013 22:27:28 org.apache.catalina.startup.HostConfig deployDirectory
INFO: Deploying web application directory /home/david/planA/example-context/webapps/ROOT
09-Jun-2013 22:27:28 org.apache.coyote.AbstractProtocol start
INFO: Starting ProtocolHandler ["http-bio-59999"]
09-Jun-2013 22:27:28 org.apache.catalina.startup.Catalina start
INFO: Server startup in 347 ms
09-Jun-2013 23:40:47 org.apache.coyote.AbstractProtocol pause
INFO: Pausing ProtocolHandler ["http-bio-59999"]
09-Jun-2013 23:40:47 org.apache.catalina.core.StandardService stopInternal
INFO: Stopping service Catalina
09-Jun-2013 23:40:47 org.apache.coyote.AbstractProtocol stop
INFO: Stopping ProtocolHandler ["http-bio-59999"]
09-Jun-2013 23:40:47 org.apache.coyote.AbstractProtocol destroy
INFO: Destroying ProtocolHandler ["http-bio-59999"]
09-Jun-2013 23:40:47 org.apache.catalina.deploy.NamingResources destroyInternal
WARNING: Failed to destroy MBean for naming resource [UserDatabase]
javax.management.InstanceNotFoundException: Users:type=UserDatabase,database=UserDatabase
	at com.sun.jmx.interceptor.DefaultMBeanServerInterceptor.getMBean(DefaultMBeanServerInterceptor.java:1118)
	at com.sun.jmx.interceptor.DefaultMBeanServerInterceptor.exclusiveUnregisterMBean(DefaultMBeanServerInterceptor.java:433)
	at com.sun.jmx.interceptor.DefaultMBeanServerInterceptor.unregisterMBean(DefaultMBeanServerInterceptor.java:421)
	at com.sun.jmx.mbeanserver.JmxMBeanServer.unregisterMBean(JmxMBeanServer.java:541)
	at org.apache.catalina.mbeans.MBeanUtils.destroyMBeanUserDatabase(MBeanUtils.java:1621)
	at org.apache.catalina.mbeans.MBeanUtils.destroyMBean(MBeanUtils.java:1207)
	at org.apache.catalina.deploy.NamingResources.destroyInternal(NamingResources.java:1084)
	at org.apache.catalina.util.LifecycleBase.destroy(LifecycleBase.java:305)
	at org.apache.catalina.core.StandardServer.destroyInternal(StandardServer.java:825)
	at org.apache.catalina.util.LifecycleBase.destroy(LifecycleBase.java:305)
	at org.apache.catalina.startup.Catalina.stop(Catalina.java:752)
	at org.apache.catalina.startup.Catalina$CatalinaShutdownHook.run(Catalina.java:897)
